Running 1m test @ http://localhost:8080
  4 threads and 256 connections
  Thread calibration: mean lat.: 1.560ms, rate sampling interval: 10ms
  Thread calibration: mean lat.: 1.543ms, rate sampling interval: 10ms
  Thread calibration: mean lat.: 1.534ms, rate sampling interval: 10ms
  Thread calibration: mean lat.: 5.699ms, rate sampling interval: 15ms
  Thread Stats   Avg      Stdev     Max   +/- Stdev
    Latency     1.97ms    2.07ms  67.78ms   93.62%
    Req/Sec   264.57    426.09     4.57k    98.66%
  Latency Distribution (HdrHistogram - Recorded Latency)
 50.000%    1.59ms
 75.000%    2.23ms
 90.000%    3.25ms
 99.000%    8.45ms
 99.900%   20.08ms
 99.990%   65.79ms
 99.999%   67.84ms
100.000%   67.84ms

  Detailed Percentile spectrum:
       Value   Percentile   TotalCount 1/(1-Percentile)

       0.106     0.000000            1         1.00
       0.751     0.100000         4978         1.11
       1.011     0.200000         9955         1.25
       1.221     0.300000        14925         1.43
       1.408     0.400000        19873         1.67
       1.594     0.500000        24837         2.00
       1.693     0.550000        27339         2.22
       1.800     0.600000        29812         2.50
       1.921     0.650000        32302         2.86
       2.059     0.700000        34774         3.33
       2.229     0.750000        37271         4.00
       2.325     0.775000        38511         4.44
       2.439     0.800000        39741         5.00
       2.573     0.825000        40991         5.71
       2.735     0.850000        42231         6.67
       2.947     0.875000        43468         8.00
       3.077     0.887500        44086         8.89
       3.253     0.900000        44709        10.00
       3.467     0.912500        45327        11.43
       3.743     0.925000        45950        13.33
       4.073     0.937500        46569        16.00
       4.283     0.943750        46880        17.78
       4.499     0.950000        47191        20.00
       4.751     0.956250        47503        22.86
       5.087     0.962500        47813        26.67
       5.507     0.968750        48123        32.00
       5.707     0.971875        48276        35.56
       5.955     0.975000        48434        40.00
       6.255     0.978125        48590        45.71
       6.555     0.981250        48743        53.33
       6.927     0.984375        48897        64.00
       7.171     0.985938        48975        71.11
       7.479     0.987500        49053        80.00
       8.027     0.989062        49130        91.43
       8.727     0.990625        49208       106.67
       9.711     0.992188        49286       128.00
      10.575     0.992969        49324       142.22
      11.471     0.993750        49364       160.00
      12.111     0.994531        49402       182.86
      12.799     0.995313        49441       213.33
      13.735     0.996094        49479       256.00
      14.303     0.996484        49499       284.44
      15.087     0.996875        49518       320.00
      16.639     0.997266        49538       365.71
      17.135     0.997656        49557       426.67
      17.679     0.998047        49576       512.00
      18.159     0.998242        49586       568.89
      18.383     0.998437        49596       640.00
      18.655     0.998633        49607       731.43
      19.423     0.998828        49615       853.33
      20.191     0.999023        49625      1024.00
      23.967     0.999121        49630      1137.78
      25.615     0.999219        49635      1280.00
      29.615     0.999316        49640      1462.86
      34.559     0.999414        49644      1706.67
      36.191     0.999512        49649      2048.00
      40.927     0.999561        49652      2275.56
      45.471     0.999609        49654      2560.00
      50.303     0.999658        49657      2925.71
      56.575     0.999707        49659      3413.33
      56.863     0.999756        49661      4096.00
      60.703     0.999780        49663      4551.11
      60.959     0.999805        49664      5120.00
      61.119     0.999829        49666      5851.43
      61.119     0.999854        49666      6826.67
      61.503     0.999878        49667      8192.00
      65.791     0.999890        49668      9102.22
      66.175     0.999902        49669     10240.00
      66.175     0.999915        49669     11702.86
      66.559     0.999927        49670     13653.33
      66.559     0.999939        49670     16384.00
      67.263     0.999945        49671     18204.44
      67.263     0.999951        49671     20480.00
      67.263     0.999957        49671     23405.71
      67.647     0.999963        49672     27306.67
      67.647     0.999969        49672     32768.00
      67.647     0.999973        49672     36408.89
      67.647     0.999976        49672     40960.00
      67.647     0.999979        49672     46811.43
      67.839     0.999982        49673     54613.33
      67.839     1.000000        49673          inf
#[Mean    =        1.974, StdDeviation   =        2.067]
#[Max     =       67.776, Total count    =        49673]
#[Buckets =           27, SubBuckets     =         2048]
----------------------------------------------------------
  59785 requests in 1.00m, 3.94MB read
  Non-2xx or 3xx responses: 4900
Requests/sec:    994.12
Transfer/sec:     67.01KB
