Running 1m test @ http://localhost:8080
  4 threads and 128 connections
  Thread calibration: mean lat.: 1.489ms, rate sampling interval: 10ms
  Thread calibration: mean lat.: 1.470ms, rate sampling interval: 10ms
  Thread calibration: mean lat.: 1.467ms, rate sampling interval: 10ms
  Thread calibration: mean lat.: 1.475ms, rate sampling interval: 10ms
  Thread Stats   Avg      Stdev     Max   +/- Stdev
    Latency     1.37ms  599.88us  11.10ms   69.31%
    Req/Sec   263.34    100.81   666.00     76.65%
  Latency Distribution (HdrHistogram - Recorded Latency)
 50.000%    1.34ms
 75.000%    1.73ms
 90.000%    2.12ms
 99.000%    2.94ms
 99.900%    3.81ms
 99.990%    9.77ms
 99.999%   11.10ms
100.000%   11.10ms

  Detailed Percentile spectrum:
       Value   Percentile   TotalCount 1/(1-Percentile)

       0.108     0.000000            1         1.00
       0.631     0.100000         4984         1.11
       0.852     0.200000         9969         1.25
       1.032     0.300000        14950         1.43
       1.188     0.400000        19942         1.67
       1.337     0.500000        24929         2.00
       1.409     0.550000        27427         2.22
       1.484     0.600000        29907         2.50
       1.560     0.650000        32414         2.86
       1.638     0.700000        34900         3.33
       1.730     0.750000        37381         4.00
       1.779     0.775000        38646         4.44
       1.837     0.800000        39877         5.00
       1.895     0.825000        41120         5.71
       1.960     0.850000        42367         6.67
       2.041     0.875000        43617         8.00
       2.083     0.887500        44248         8.89
       2.125     0.900000        44869        10.00
       2.179     0.912500        45498        11.43
       2.237     0.925000        46098        13.33
       2.305     0.937500        46729        16.00
       2.343     0.943750        47030        17.78
       2.387     0.950000        47343        20.00
       2.435     0.956250        47658        22.86
       2.483     0.962500        47963        26.67
       2.551     0.968750        48275        32.00
       2.585     0.971875        48431        35.56
       2.623     0.975000        48583        40.00
       2.671     0.978125        48740        45.71
       2.727     0.981250        48895        53.33
       2.787     0.984375        49051        64.00
       2.823     0.985938        49130        71.11
       2.871     0.987500        49206        80.00
       2.909     0.989062        49284        91.43
       2.969     0.990625        49362       106.67
       3.017     0.992188        49439       128.00
       3.059     0.992969        49478       142.22
       3.097     0.993750        49517       160.00
       3.145     0.994531        49556       182.86
       3.195     0.995313        49597       213.33
       3.237     0.996094        49634       256.00
       3.277     0.996484        49653       284.44
       3.307     0.996875        49673       320.00
       3.347     0.997266        49692       365.71
       3.419     0.997656        49712       426.67
       3.505     0.998047        49732       512.00
       3.573     0.998242        49741       568.89
       3.627     0.998437        49752       640.00
       3.673     0.998633        49760       731.43
       3.767     0.998828        49770       853.33
       3.851     0.999023        49780      1024.00
       4.111     0.999121        49785      1137.78
       4.199     0.999219        49790      1280.00
       4.487     0.999316        49794      1462.86
       4.931     0.999414        49799      1706.67
       5.327     0.999512        49804      2048.00
       5.611     0.999561        49807      2275.56
       5.803     0.999609        49809      2560.00
       6.071     0.999658        49812      2925.71
       6.395     0.999707        49814      3413.33
       6.699     0.999756        49816      4096.00
       6.811     0.999780        49818      4551.11
       7.099     0.999805        49819      5120.00
       8.099     0.999829        49820      5851.43
       9.551     0.999854        49821      6826.67
       9.639     0.999878        49822      8192.00
       9.775     0.999890        49823      9102.22
       9.807     0.999902        49824     10240.00
       9.807     0.999915        49824     11702.86
      10.791     0.999927        49825     13653.33
      10.791     0.999939        49825     16384.00
      10.815     0.999945        49826     18204.44
      10.815     0.999951        49826     20480.00
      10.815     0.999957        49826     23405.71
      10.943     0.999963        49827     27306.67
      10.943     0.999969        49827     32768.00
      10.943     0.999973        49827     36408.89
      10.943     0.999976        49827     40960.00
      10.943     0.999979        49827     46811.43
      11.103     0.999982        49828     54613.33
      11.103     1.000000        49828          inf
#[Mean    =        1.370, StdDeviation   =        0.600]
#[Max     =       11.096, Total count    =        49828]
#[Buckets =           27, SubBuckets     =         2048]
----------------------------------------------------------
  59984 requests in 1.00m, 3.83MB read
  Non-2xx or 3xx responses: 1352
Requests/sec:    999.71
Transfer/sec:     65.43KB
