Running 1m test @ http://localhost:8080
  4 threads and 256 connections
  Thread calibration: mean lat.: 1.459ms, rate sampling interval: 10ms
  Thread calibration: mean lat.: 1.466ms, rate sampling interval: 10ms
  Thread calibration: mean lat.: 1.464ms, rate sampling interval: 10ms
  Thread calibration: mean lat.: 4.108ms, rate sampling interval: 14ms
  Thread Stats   Avg      Stdev     Max   +/- Stdev
    Latency     1.72ms    1.09ms  25.66ms   85.53%
    Req/Sec   265.53    457.13     4.92k    98.78%
  Latency Distribution (HdrHistogram - Recorded Latency)
 50.000%    1.54ms
 75.000%    2.05ms
 90.000%    2.69ms
 99.000%    5.41ms
 99.900%   12.55ms
 99.990%   24.46ms
 99.999%   25.68ms
100.000%   25.68ms

  Detailed Percentile spectrum:
       Value   Percentile   TotalCount 1/(1-Percentile)

       0.127     0.000000            1         1.00
       0.766     0.100000         4979         1.11
       1.020     0.200000         9937         1.25
       1.211     0.300000        14936         1.43
       1.378     0.400000        19879         1.67
       1.541     0.500000        24837         2.00
       1.625     0.550000        27340         2.22
       1.714     0.600000        29811         2.50
       1.812     0.650000        32294         2.86
       1.921     0.700000        34784         3.33
       2.045     0.750000        37262         4.00
       2.119     0.775000        38499         4.44
       2.197     0.800000        39746         5.00
       2.289     0.825000        41001         5.71
       2.395     0.850000        42227         6.67
       2.519     0.875000        43476         8.00
       2.599     0.887500        44094         8.89
       2.687     0.900000        44713        10.00
       2.795     0.912500        45334        11.43
       2.913     0.925000        45948        13.33
       3.089     0.937500        46570        16.00
       3.207     0.943750        46885        17.78
       3.329     0.950000        47190        20.00
       3.467     0.956250        47500        22.86
       3.651     0.962500        47811        26.67
       3.895     0.968750        48123        32.00
       4.027     0.971875        48277        35.56
       4.183     0.975000        48433        40.00
       4.375     0.978125        48590        45.71
       4.583     0.981250        48742        53.33
       4.843     0.984375        48897        64.00
       4.987     0.985938        48975        71.11
       5.139     0.987500        49053        80.00
       5.287     0.989062        49131        91.43
       5.503     0.990625        49208       106.67
       5.807     0.992188        49285       128.00
       5.983     0.992969        49326       142.22
       6.171     0.993750        49363       160.00
       6.407     0.994531        49402       182.86
       6.927     0.995313        49441       213.33
       7.283     0.996094        49479       256.00
       7.627     0.996484        49499       284.44
       7.943     0.996875        49518       320.00
       8.647     0.997266        49538       365.71
       9.359     0.997656        49557       426.67
      10.151     0.998047        49576       512.00
      10.503     0.998242        49587       568.89
      11.335     0.998437        49597       640.00
      11.615     0.998633        49606       731.43
      12.231     0.998828        49615       853.33
      12.575     0.999023        49625      1024.00
      12.727     0.999121        49630      1137.78
      12.935     0.999219        49635      1280.00
      13.071     0.999316        49640      1462.86
      13.375     0.999414        49644      1706.67
      15.399     0.999512        49649      2048.00
      15.727     0.999561        49652      2275.56
      16.223     0.999609        49654      2560.00
      17.119     0.999658        49657      2925.71
      18.383     0.999707        49659      3413.33
      23.247     0.999756        49662      4096.00
      24.127     0.999780        49663      4551.11
      24.175     0.999805        49664      5120.00
      24.207     0.999829        49665      5851.43
      24.287     0.999854        49666      6826.67
      24.319     0.999878        49667      8192.00
      24.463     0.999890        49668      9102.22
      24.703     0.999902        49669     10240.00
      24.703     0.999915        49669     11702.86
      25.151     0.999927        49670     13653.33
      25.151     0.999939        49670     16384.00
      25.279     0.999945        49671     18204.44
      25.279     0.999951        49671     20480.00
      25.279     0.999957        49671     23405.71
      25.487     0.999963        49672     27306.67
      25.487     0.999969        49672     32768.00
      25.487     0.999973        49672     36408.89
      25.487     0.999976        49672     40960.00
      25.487     0.999979        49672     46811.43
      25.679     0.999982        49673     54613.33
      25.679     1.000000        49673          inf
#[Mean    =        1.716, StdDeviation   =        1.094]
#[Max     =       25.664, Total count    =        49673]
#[Buckets =           27, SubBuckets     =         2048]
----------------------------------------------------------
  59795 requests in 1.00m, 3.91MB read
  Non-2xx or 3xx responses: 4095
Requests/sec:    994.21
Transfer/sec:     66.57KB
