Running 1m test @ http://localhost:8080
  4 threads and 256 connections
  Thread calibration: mean lat.: 1.517ms, rate sampling interval: 10ms
  Thread calibration: mean lat.: 1.522ms, rate sampling interval: 10ms
  Thread calibration: mean lat.: 1.489ms, rate sampling interval: 10ms
  Thread calibration: mean lat.: 5.316ms, rate sampling interval: 14ms
  Thread Stats   Avg      Stdev     Max   +/- Stdev
    Latency     1.82ms    1.32ms  22.27ms   86.24%
    Req/Sec   264.79    452.95     4.92k    98.72%
  Latency Distribution (HdrHistogram - Recorded Latency)
 50.000%    1.54ms
 75.000%    2.13ms
 90.000%    3.13ms
 99.000%    6.31ms
 99.900%   15.65ms
 99.990%   19.79ms
 99.999%   22.29ms
100.000%   22.29ms

  Detailed Percentile spectrum:
       Value   Percentile   TotalCount 1/(1-Percentile)

       0.102     0.000000            1         1.00
       0.719     0.100000         4980         1.11
       0.965     0.200000         9938         1.25
       1.171     0.300000        14912         1.43
       1.356     0.400000        19873         1.67
       1.539     0.500000        24844         2.00
       1.633     0.550000        27330         2.22
       1.737     0.600000        29825         2.50
       1.848     0.650000        32296         2.86
       1.979     0.700000        34777         3.33
       2.135     0.750000        37272         4.00
       2.233     0.775000        38511         4.44
       2.351     0.800000        39754         5.00
       2.483     0.825000        40989         5.71
       2.653     0.850000        42236         6.67
       2.863     0.875000        43475         8.00
       2.987     0.887500        44086         8.89
       3.131     0.900000        44708        10.00
       3.315     0.912500        45330        11.43
       3.515     0.925000        45956        13.33
       3.763     0.937500        46571        16.00
       3.899     0.943750        46880        17.78
       4.071     0.950000        47191        20.00
       4.239     0.956250        47500        22.86
       4.451     0.962500        47815        26.67
       4.731     0.968750        48123        32.00
       4.899     0.971875        48279        35.56
       5.067     0.975000        48434        40.00
       5.231     0.978125        48591        45.71
       5.447     0.981250        48744        53.33
       5.699     0.984375        48897        64.00
       5.827     0.985938        48976        71.11
       5.983     0.987500        49053        80.00
       6.183     0.989062        49130        91.43
       6.431     0.990625        49208       106.67
       6.775     0.992188        49286       128.00
       6.999     0.992969        49324       142.22
       7.271     0.993750        49363       160.00
       7.583     0.994531        49402       182.86
       8.011     0.995313        49441       213.33
       8.911     0.996094        49479       256.00
       9.399     0.996484        49499       284.44
      10.311     0.996875        49518       320.00
      11.023     0.997266        49538       365.71
      11.711     0.997656        49557       426.67
      13.039     0.998047        49576       512.00
      13.735     0.998242        49586       568.89
      14.127     0.998437        49596       640.00
      14.583     0.998633        49606       731.43
      15.207     0.998828        49615       853.33
      15.679     0.999023        49625      1024.00
      15.735     0.999121        49630      1137.78
      16.023     0.999219        49635      1280.00
      16.375     0.999316        49640      1462.86
      16.591     0.999414        49645      1706.67
      16.879     0.999512        49649      2048.00
      17.039     0.999561        49652      2275.56
      17.311     0.999609        49654      2560.00
      17.599     0.999658        49657      2925.71
      18.207     0.999707        49659      3413.33
      18.655     0.999756        49661      4096.00
      18.943     0.999780        49663      4551.11
      19.103     0.999805        49664      5120.00
      19.199     0.999829        49665      5851.43
      19.215     0.999854        49666      6826.67
      19.327     0.999878        49667      8192.00
      19.791     0.999890        49668      9102.22
      20.319     0.999902        49669     10240.00
      20.319     0.999915        49669     11702.86
      20.351     0.999927        49670     13653.33
      20.351     0.999939        49670     16384.00
      21.839     0.999945        49671     18204.44
      21.839     0.999951        49671     20480.00
      21.839     0.999957        49671     23405.71
      22.063     0.999963        49672     27306.67
      22.063     0.999969        49672     32768.00
      22.063     0.999973        49672     36408.89
      22.063     0.999976        49672     40960.00
      22.063     0.999979        49672     46811.43
      22.287     0.999982        49673     54613.33
      22.287     1.000000        49673          inf
#[Mean    =        1.816, StdDeviation   =        1.319]
#[Max     =       22.272, Total count    =        49673]
#[Buckets =           27, SubBuckets     =         2048]
----------------------------------------------------------
  59819 requests in 1.00m, 3.92MB read
  Non-2xx or 3xx responses: 4502
Requests/sec:    994.64
Transfer/sec:     66.83KB
