Running 1m test @ http://localhost:8080
  4 threads and 256 connections
  Thread calibration: mean lat.: 1.457ms, rate sampling interval: 10ms
  Thread calibration: mean lat.: 1.466ms, rate sampling interval: 10ms
  Thread calibration: mean lat.: 1.447ms, rate sampling interval: 10ms
  Thread calibration: mean lat.: 5.189ms, rate sampling interval: 14ms
  Thread Stats   Avg      Stdev     Max   +/- Stdev
    Latency     1.83ms    1.25ms  30.88ms   83.09%
    Req/Sec   264.34    449.34     4.92k    98.79%
  Latency Distribution (HdrHistogram - Recorded Latency)
 50.000%    1.55ms
 75.000%    2.19ms
 90.000%    3.16ms
 99.000%    6.45ms
 99.900%   11.16ms
 99.990%   24.33ms
 99.999%   30.90ms
100.000%   30.90ms

  Detailed Percentile spectrum:
       Value   Percentile   TotalCount 1/(1-Percentile)

       0.112     0.000000            1         1.00
       0.719     0.100000         4980         1.11
       0.986     0.200000         9935         1.25
       1.187     0.300000        14923         1.43
       1.370     0.400000        19877         1.67
       1.553     0.500000        24837         2.00
       1.655     0.550000        27327         2.22
       1.764     0.600000        29812         2.50
       1.882     0.650000        32312         2.86
       2.018     0.700000        34774         3.33
       2.191     0.750000        37261         4.00
       2.291     0.775000        38507         4.44
       2.405     0.800000        39752         5.00
       2.531     0.825000        40994         5.71
       2.695     0.850000        42229         6.67
       2.897     0.875000        43466         8.00
       3.017     0.887500        44087         8.89
       3.159     0.900000        44707        10.00
       3.351     0.912500        45333        11.43
       3.567     0.925000        45950        13.33
       3.843     0.937500        46570        16.00
       3.995     0.943750        46882        17.78
       4.195     0.950000        47198        20.00
       4.387     0.956250        47508        22.86
       4.627     0.962500        47811        26.67
       4.919     0.968750        48122        32.00
       5.083     0.971875        48281        35.56
       5.271     0.975000        48436        40.00
       5.459     0.978125        48589        45.71
       5.683     0.981250        48743        53.33
       5.907     0.984375        48897        64.00
       6.031     0.985938        48975        71.11
       6.187     0.987500        49054        80.00
       6.355     0.989062        49133        91.43
       6.507     0.990625        49209       106.67
       6.715     0.992188        49285       128.00
       6.811     0.992969        49326       142.22
       6.915     0.993750        49363       160.00
       7.051     0.994531        49402       182.86
       7.175     0.995313        49441       213.33
       7.351     0.996094        49479       256.00
       7.491     0.996484        49500       284.44
       7.587     0.996875        49518       320.00
       7.755     0.997266        49538       365.71
       7.927     0.997656        49557       426.67
       8.091     0.998047        49577       512.00
       8.295     0.998242        49586       568.89
       9.663     0.998437        49596       640.00
      10.351     0.998633        49606       731.43
      10.943     0.998828        49615       853.33
      11.191     0.999023        49626      1024.00
      11.343     0.999121        49630      1137.78
      11.447     0.999219        49635      1280.00
      11.527     0.999316        49640      1462.86
      11.583     0.999414        49644      1706.67
      11.695     0.999512        49649      2048.00
      11.799     0.999561        49652      2275.56
      11.983     0.999609        49654      2560.00
      13.927     0.999658        49657      2925.71
      14.151     0.999707        49659      3413.33
      15.487     0.999756        49661      4096.00
      19.375     0.999780        49663      4551.11
      19.759     0.999805        49664      5120.00
      19.807     0.999829        49665      5851.43
      20.047     0.999854        49666      6826.67
      20.703     0.999878        49667      8192.00
      24.335     0.999890        49668      9102.22
      24.703     0.999902        49669     10240.00
      24.703     0.999915        49669     11702.86
      25.231     0.999927        49670     13653.33
      25.231     0.999939        49670     16384.00
      30.319     0.999945        49671     18204.44
      30.319     0.999951        49671     20480.00
      30.319     0.999957        49671     23405.71
      30.655     0.999963        49672     27306.67
      30.655     0.999969        49672     32768.00
      30.655     0.999973        49672     36408.89
      30.655     0.999976        49672     40960.00
      30.655     0.999979        49672     46811.43
      30.895     0.999982        49673     54613.33
      30.895     1.000000        49673          inf
#[Mean    =        1.831, StdDeviation   =        1.246]
#[Max     =       30.880, Total count    =        49673]
#[Buckets =           27, SubBuckets     =         2048]
----------------------------------------------------------
  59782 requests in 1.00m, 3.92MB read
  Non-2xx or 3xx responses: 3165
Requests/sec:    994.06
Transfer/sec:     66.74KB
