Running 1m test @ http://localhost:8080
  4 threads and 256 connections
  Thread calibration: mean lat.: 1.464ms, rate sampling interval: 10ms
  Thread calibration: mean lat.: 1.457ms, rate sampling interval: 10ms
  Thread calibration: mean lat.: 1.469ms, rate sampling interval: 10ms
  Thread calibration: mean lat.: 4.720ms, rate sampling interval: 14ms
  Thread Stats   Avg      Stdev     Max   +/- Stdev
    Latency     1.83ms    1.60ms  32.08ms   92.46%
    Req/Sec   264.71    448.19     4.92k    98.72%
  Latency Distribution (HdrHistogram - Recorded Latency)
 50.000%    1.52ms
 75.000%    2.14ms
 90.000%    3.06ms
 99.000%    6.66ms
 99.900%   27.98ms
 99.990%   30.00ms
 99.999%   32.10ms
100.000%   32.10ms

  Detailed Percentile spectrum:
       Value   Percentile   TotalCount 1/(1-Percentile)

       0.110     0.000000            1         1.00
       0.732     0.100000         4970         1.11
       0.985     0.200000         9942         1.25
       1.178     0.300000        14922         1.43
       1.347     0.400000        19873         1.67
       1.522     0.500000        24856         2.00
       1.619     0.550000        27337         2.22
       1.721     0.600000        29818         2.50
       1.836     0.650000        32297         2.86
       1.976     0.700000        34782         3.33
       2.137     0.750000        37273         4.00
       2.239     0.775000        38509         4.44
       2.351     0.800000        39746         5.00
       2.475     0.825000        40997         5.71
       2.627     0.850000        42239         6.67
       2.807     0.875000        43464         8.00
       2.927     0.887500        44091         8.89
       3.061     0.900000        44709        10.00
       3.225     0.912500        45330        11.43
       3.417     0.925000        45956        13.33
       3.631     0.937500        46575        16.00
       3.761     0.943750        46882        17.78
       3.917     0.950000        47191        20.00
       4.077     0.956250        47503        22.86
       4.287     0.962500        47811        26.67
       4.555     0.968750        48123        32.00
       4.723     0.971875        48277        35.56
       4.895     0.975000        48433        40.00
       5.107     0.978125        48590        45.71
       5.415     0.981250        48743        53.33
       5.751     0.984375        48899        64.00
       5.975     0.985938        48978        71.11
       6.187     0.987500        49054        80.00
       6.459     0.989062        49130        91.43
       6.775     0.990625        49208       106.67
       7.239     0.992188        49285       128.00
       7.519     0.992969        49324       142.22
       7.911     0.993750        49363       160.00
       8.543     0.994531        49402       182.86
       9.111     0.995313        49441       213.33
       9.999     0.996094        49479       256.00
      10.887     0.996484        49499       284.44
      11.439     0.996875        49518       320.00
      13.671     0.997266        49538       365.71
      14.583     0.997656        49557       426.67
      15.503     0.998047        49576       512.00
      16.111     0.998242        49586       568.89
      17.407     0.998437        49596       640.00
      26.943     0.998633        49606       731.43
      27.615     0.998828        49615       853.33
      28.015     0.999023        49625      1024.00
      28.351     0.999121        49631      1137.78
      28.543     0.999219        49635      1280.00
      28.783     0.999316        49640      1462.86
      28.895     0.999414        49644      1706.67
      29.151     0.999512        49649      2048.00
      29.231     0.999561        49653      2275.56
      29.343     0.999609        49654      2560.00
      29.391     0.999658        49657      2925.71
      29.519     0.999707        49659      3413.33
      29.535     0.999756        49661      4096.00
      29.839     0.999780        49663      4551.11
      29.871     0.999805        49664      5120.00
      29.887     0.999829        49665      5851.43
      29.951     0.999854        49666      6826.67
      29.967     0.999878        49667      8192.00
      29.999     0.999890        49668      9102.22
      30.031     0.999902        49669     10240.00
      30.031     0.999915        49669     11702.86
      30.415     0.999927        49670     13653.33
      30.415     0.999939        49670     16384.00
      31.999     0.999945        49671     18204.44
      31.999     0.999951        49671     20480.00
      31.999     0.999957        49671     23405.71
      32.079     0.999963        49672     27306.67
      32.079     0.999969        49672     32768.00
      32.079     0.999973        49672     36408.89
      32.079     0.999976        49672     40960.00
      32.079     0.999979        49672     46811.43
      32.095     0.999982        49673     54613.33
      32.095     1.000000        49673          inf
#[Mean    =        1.830, StdDeviation   =        1.604]
#[Max     =       32.080, Total count    =        49673]
#[Buckets =           27, SubBuckets     =         2048]
----------------------------------------------------------
  59818 requests in 1.00m, 3.95MB read
  Non-2xx or 3xx responses: 4175
Requests/sec:    994.61
Transfer/sec:     67.31KB
