Running 1m test @ http://localhost:8080
  4 threads and 256 connections
  Thread calibration: mean lat.: 1.480ms, rate sampling interval: 10ms
  Thread calibration: mean lat.: 1.397ms, rate sampling interval: 10ms
  Thread calibration: mean lat.: 1.467ms, rate sampling interval: 10ms
  Thread calibration: mean lat.: 1.393ms, rate sampling interval: 10ms
  Thread Stats   Avg      Stdev     Max   +/- Stdev
    Latency     1.40ms  622.18us  11.81ms   68.55%
    Req/Sec   263.56    105.18   800.00     74.39%
  Latency Distribution (HdrHistogram - Recorded Latency)
 50.000%    1.36ms
 75.000%    1.77ms
 90.000%    2.21ms
 99.000%    3.06ms
 99.900%    3.93ms
 99.990%    7.91ms
 99.999%   11.81ms
100.000%   11.81ms

  Detailed Percentile spectrum:
       Value   Percentile   TotalCount 1/(1-Percentile)

       0.122     0.000000            1         1.00
       0.623     0.100000         4971         1.11
       0.848     0.200000         9951         1.25
       1.028     0.300000        14905         1.43
       1.197     0.400000        19889         1.67
       1.356     0.500000        24862         2.00
       1.433     0.550000        27351         2.22
       1.510     0.600000        29832         2.50
       1.591     0.650000        32313         2.86
       1.675     0.700000        34787         3.33
       1.774     0.750000        37265         4.00
       1.827     0.775000        38507         4.44
       1.888     0.800000        39743         5.00
       1.952     0.825000        40987         5.71
       2.026     0.850000        42233         6.67
       2.113     0.875000        43469         8.00
       2.159     0.887500        44116         8.89
       2.207     0.900000        44730        10.00
       2.263     0.912500        45353        11.43
       2.323     0.925000        45965        13.33
       2.391     0.937500        46583        16.00
       2.431     0.943750        46895        17.78
       2.475     0.950000        47196        20.00
       2.525     0.956250        47518        22.86
       2.579     0.962500        47819        26.67
       2.647     0.968750        48129        32.00
       2.683     0.971875        48282        35.56
       2.727     0.975000        48439        40.00
       2.773     0.978125        48591        45.71
       2.833     0.981250        48751        53.33
       2.897     0.984375        48902        64.00
       2.933     0.985938        48980        71.11
       2.977     0.987500        49058        80.00
       3.023     0.989062        49136        91.43
       3.083     0.990625        49212       106.67
       3.129     0.992188        49289       128.00
       3.159     0.992969        49327       142.22
       3.193     0.993750        49366       160.00
       3.233     0.994531        49406       182.86
       3.283     0.995313        49444       213.33
       3.361     0.996094        49482       256.00
       3.389     0.996484        49502       284.44
       3.431     0.996875        49521       320.00
       3.483     0.997266        49541       365.71
       3.549     0.997656        49561       426.67
       3.593     0.998047        49579       512.00
       3.623     0.998242        49590       568.89
       3.685     0.998437        49599       640.00
       3.763     0.998633        49609       731.43
       3.819     0.998828        49618       853.33
       3.961     0.999023        49629      1024.00
       4.047     0.999121        49633      1137.78
       4.095     0.999219        49638      1280.00
       4.143     0.999316        49643      1462.86
       4.255     0.999414        49647      1706.67
       4.403     0.999512        49652      2048.00
       4.599     0.999561        49655      2275.56
       4.815     0.999609        49657      2560.00
       5.059     0.999658        49660      2925.71
       5.207     0.999707        49662      3413.33
       5.483     0.999756        49664      4096.00
       6.519     0.999780        49666      4551.11
       6.619     0.999805        49667      5120.00
       6.803     0.999829        49668      5851.43
       7.203     0.999854        49669      6826.67
       7.219     0.999878        49670      8192.00
       7.907     0.999890        49671      9102.22
       8.019     0.999902        49672     10240.00
       8.019     0.999915        49672     11702.86
       8.175     0.999927        49673     13653.33
       8.175     0.999939        49673     16384.00
       9.967     0.999945        49674     18204.44
       9.967     0.999951        49674     20480.00
       9.967     0.999957        49674     23405.71
      10.815     0.999963        49675     27306.67
      10.815     0.999969        49675     32768.00
      10.815     0.999973        49675     36408.89
      10.815     0.999976        49675     40960.00
      10.815     0.999979        49675     46811.43
      11.815     0.999982        49676     54613.33
      11.815     1.000000        49676          inf
#[Mean    =        1.395, StdDeviation   =        0.622]
#[Max     =       11.808, Total count    =        49676]
#[Buckets =           27, SubBuckets     =         2048]
----------------------------------------------------------
  59984 requests in 1.00m, 3.87MB read
  Non-2xx or 3xx responses: 1222
Requests/sec:    999.71
Transfer/sec:     66.07KB
