Running 1m test @ http://localhost:8080/v0/status
  4 threads and 256 connections
  Thread calibration: mean lat.: 1.394ms, rate sampling interval: 10ms
  Thread calibration: mean lat.: 1.357ms, rate sampling interval: 10ms
  Thread calibration: mean lat.: 1.362ms, rate sampling interval: 10ms
  Thread calibration: mean lat.: 1.320ms, rate sampling interval: 10ms
  Thread Stats   Avg      Stdev     Max   +/- Stdev
    Latency     1.29ms  600.57us   9.36ms   69.08%
    Req/Sec   264.37    103.82   700.00     76.53%
  Latency Distribution (HdrHistogram - Recorded Latency)
 50.000%    1.25ms
 75.000%    1.65ms
 90.000%    2.08ms
 99.000%    2.88ms
 99.900%    3.75ms
 99.990%    7.67ms
 99.999%    9.37ms
100.000%    9.37ms

  Detailed Percentile spectrum:
       Value   Percentile   TotalCount 1/(1-Percentile)

       0.090     0.000000            3         1.00
       0.554     0.100000         4979         1.11
       0.775     0.200000         9956         1.25
       0.951     0.300000        14933         1.43
       1.105     0.400000        19893         1.67
       1.251     0.500000        24847         2.00
       1.324     0.550000        27344         2.22
       1.400     0.600000        29823         2.50
       1.478     0.650000        32306         2.86
       1.559     0.700000        34786         3.33
       1.655     0.750000        37275         4.00
       1.706     0.775000        38512         4.44
       1.763     0.800000        39769         5.00
       1.822     0.825000        40991         5.71
       1.894     0.850000        42230         6.67
       1.977     0.875000        43475         8.00
       2.027     0.887500        44103         8.89
       2.079     0.900000        44712        10.00
       2.137     0.912500        45342        11.43
       2.199     0.925000        45965        13.33
       2.267     0.937500        46583        16.00
       2.305     0.943750        46887        17.78
       2.347     0.950000        47197        20.00
       2.393     0.956250        47510        22.86
       2.441     0.962500        47814        26.67
       2.503     0.968750        48127        32.00
       2.539     0.971875        48281        35.56
       2.573     0.975000        48437        40.00
       2.619     0.978125        48592        45.71
       2.675     0.981250        48749        53.33
       2.729     0.984375        48901        64.00
       2.761     0.985938        48979        71.11
       2.797     0.987500        49057        80.00
       2.843     0.989062        49135        91.43
       2.891     0.990625        49214       106.67
       2.963     0.992188        49288       128.00
       2.999     0.992969        49328       142.22
       3.043     0.993750        49366       160.00
       3.079     0.994531        49405       182.86
       3.131     0.995313        49445       213.33
       3.195     0.996094        49482       256.00
       3.249     0.996484        49502       284.44
       3.277     0.996875        49521       320.00
       3.331     0.997266        49542       365.71
       3.379     0.997656        49560       426.67
       3.453     0.998047        49580       512.00
       3.479     0.998242        49589       568.89
       3.531     0.998437        49599       640.00
       3.593     0.998633        49609       731.43
       3.685     0.998828        49618       853.33
       3.767     0.999023        49628      1024.00
       3.969     0.999121        49633      1137.78
       4.057     0.999219        49638      1280.00
       4.255     0.999316        49643      1462.86
       4.507     0.999414        49647      1706.67
       4.815     0.999512        49652      2048.00
       5.047     0.999561        49655      2275.56
       5.327     0.999609        49657      2560.00
       5.787     0.999658        49660      2925.71
       5.943     0.999707        49662      3413.33
       6.555     0.999756        49664      4096.00
       6.607     0.999780        49666      4551.11
       6.731     0.999805        49667      5120.00
       7.391     0.999829        49668      5851.43
       7.623     0.999854        49669      6826.67
       7.635     0.999878        49670      8192.00
       7.671     0.999890        49671      9102.22
       8.615     0.999902        49672     10240.00
       8.615     0.999915        49672     11702.86
       8.663     0.999927        49673     13653.33
       8.663     0.999939        49673     16384.00
       8.783     0.999945        49674     18204.44
       8.783     0.999951        49674     20480.00
       8.783     0.999957        49674     23405.71
       9.199     0.999963        49675     27306.67
       9.199     0.999969        49675     32768.00
       9.199     0.999973        49675     36408.89
       9.199     0.999976        49675     40960.00
       9.199     0.999979        49675     46811.43
       9.367     0.999982        49676     54613.33
       9.367     1.000000        49676          inf
#[Mean    =        1.295, StdDeviation   =        0.601]
#[Max     =        9.360, Total count    =        49676]
#[Buckets =           27, SubBuckets     =         2048]
----------------------------------------------------------
  59984 requests in 1.00m, 3.55MB read
Requests/sec:    999.73
Transfer/sec:     60.53KB
