Running 1m test @ http://localhost:8080/v0/status
  4 threads and 128 connections
  Thread calibration: mean lat.: 1.325ms, rate sampling interval: 10ms
  Thread calibration: mean lat.: 1.302ms, rate sampling interval: 10ms
  Thread calibration: mean lat.: 1.357ms, rate sampling interval: 10ms
  Thread calibration: mean lat.: 1.339ms, rate sampling interval: 10ms
  Thread Stats   Avg      Stdev     Max   +/- Stdev
    Latency     1.25ms  602.86us  11.90ms   69.15%
    Req/Sec   263.93    105.00   700.00     75.68%
  Latency Distribution (HdrHistogram - Recorded Latency)
 50.000%    1.22ms
 75.000%    1.60ms
 90.000%    2.03ms
 99.000%    2.86ms
 99.900%    3.90ms
 99.990%    8.42ms
 99.999%   11.90ms
100.000%   11.90ms

  Detailed Percentile spectrum:
       Value   Percentile   TotalCount 1/(1-Percentile)

       0.065     0.000000            1         1.00
       0.499     0.100000         4984         1.11
       0.732     0.200000         9989         1.25
       0.911     0.300000        14953         1.43
       1.075     0.400000        19960         1.67
       1.219     0.500000        24925         2.00
       1.291     0.550000        27420         2.22
       1.362     0.600000        29903         2.50
       1.438     0.650000        32409         2.86
       1.516     0.700000        34884         3.33
       1.602     0.750000        37405         4.00
       1.656     0.775000        38625         4.44
       1.713     0.800000        39870         5.00
       1.776     0.825000        41133         5.71
       1.849     0.850000        42359         6.67
       1.929     0.875000        43610         8.00
       1.978     0.887500        44227         8.89
       2.026     0.900000        44850        10.00
       2.079     0.912500        45477        11.43
       2.143     0.925000        46097        13.33
       2.217     0.937500        46726        16.00
       2.259     0.943750        47038        17.78
       2.303     0.950000        47344        20.00
       2.353     0.956250        47656        22.86
       2.407     0.962500        47965        26.67
       2.469     0.968750        48284        32.00
       2.503     0.971875        48439        35.56
       2.541     0.975000        48595        40.00
       2.591     0.978125        48743        45.71
       2.651     0.981250        48904        53.33
       2.707     0.984375        49055        64.00
       2.741     0.985938        49132        71.11
       2.783     0.987500        49210        80.00
       2.825     0.989062        49289        91.43
       2.873     0.990625        49369       106.67
       2.927     0.992188        49443       128.00
       2.957     0.992969        49483       142.22
       2.997     0.993750        49521       160.00
       3.047     0.994531        49560       182.86
       3.099     0.995313        49603       213.33
       3.161     0.996094        49638       256.00
       3.191     0.996484        49657       284.44
       3.233     0.996875        49678       320.00
       3.285     0.997266        49696       365.71
       3.353     0.997656        49716       426.67
       3.435     0.998047        49736       512.00
       3.517     0.998242        49745       568.89
       3.571     0.998437        49756       640.00
       3.647     0.998633        49764       731.43
       3.749     0.998828        49774       853.33
       3.917     0.999023        49784      1024.00
       4.135     0.999121        49789      1137.78
       4.227     0.999219        49794      1280.00
       4.463     0.999316        49798      1462.86
       4.811     0.999414        49803      1706.67
       5.263     0.999512        49808      2048.00
       5.635     0.999561        49811      2275.56
       5.659     0.999609        49813      2560.00
       5.683     0.999658        49815      2925.71
       5.883     0.999707        49818      3413.33
       6.099     0.999756        49820      4096.00
       6.607     0.999780        49822      4551.11
       7.279     0.999805        49823      5120.00
       7.435     0.999829        49824      5851.43
       7.447     0.999854        49825      6826.67
       7.523     0.999878        49826      8192.00
       8.423     0.999890        49828      9102.22
       8.423     0.999902        49828     10240.00
       8.423     0.999915        49828     11702.86
       8.471     0.999927        49829     13653.33
       8.471     0.999939        49829     16384.00
       8.927     0.999945        49830     18204.44
       8.927     0.999951        49830     20480.00
       8.927     0.999957        49830     23405.71
      11.839     0.999963        49831     27306.67
      11.839     0.999969        49831     32768.00
      11.839     0.999973        49831     36408.89
      11.839     0.999976        49831     40960.00
      11.839     0.999979        49831     46811.43
      11.903     0.999982        49832     54613.33
      11.903     1.000000        49832          inf
#[Mean    =        1.255, StdDeviation   =        0.603]
#[Max     =       11.896, Total count    =        49832]
#[Buckets =           27, SubBuckets     =         2048]
----------------------------------------------------------
  59984 requests in 1.00m, 3.55MB read
Requests/sec:    999.70
Transfer/sec:     60.53KB
