Running 1m test @ http://localhost:8080
  4 threads and 256 connections
  Thread calibration: mean lat.: 2.466ms, rate sampling interval: 10ms
  Thread calibration: mean lat.: 2.452ms, rate sampling interval: 10ms
  Thread calibration: mean lat.: 2.184ms, rate sampling interval: 10ms
  Thread calibration: mean lat.: 2.165ms, rate sampling interval: 10ms
  Thread Stats   Avg      Stdev     Max   +/- Stdev
    Latency     2.30ms  680.54us  10.53ms   68.60%
    Req/Sec   254.28    105.66   666.00     74.05%
  Latency Distribution (HdrHistogram - Recorded Latency)
 50.000%    2.26ms
 75.000%    2.74ms
 90.000%    3.19ms
 99.000%    3.98ms
 99.900%    5.25ms
 99.990%    7.16ms
 99.999%   10.53ms
100.000%   10.53ms

  Detailed Percentile spectrum:
       Value   Percentile   TotalCount 1/(1-Percentile)

       0.429     0.000000            1         1.00
       1.456     0.100000         4805         1.11
       1.713     0.200000         9596         1.25
       1.906     0.300000        14383         1.43
       2.085     0.400000        19217         1.67
       2.257     0.500000        23994         2.00
       2.345     0.550000        26404         2.22
       2.435     0.600000        28794         2.50
       2.529     0.650000        31199         2.86
       2.627     0.700000        33580         3.33
       2.737     0.750000        35989         4.00
       2.795     0.775000        37149         4.44
       2.861     0.800000        38361         5.00
       2.927     0.825000        39563         5.71
       3.003     0.850000        40759         6.67
       3.091     0.875000        41961         8.00
       3.135     0.887500        42542         8.89
       3.187     0.900000        43151        10.00
       3.239     0.912500        43755        11.43
       3.297     0.925000        44336        13.33
       3.369     0.937500        44955        16.00
       3.403     0.943750        45243        17.78
       3.443     0.950000        45535        20.00
       3.491     0.956250        45848        22.86
       3.545     0.962500        46136        26.67
       3.613     0.968750        46433        32.00
       3.653     0.971875        46585        35.56
       3.689     0.975000        46733        40.00
       3.735     0.978125        46886        45.71
       3.781     0.981250        47035        53.33
       3.835     0.984375        47184        64.00
       3.865     0.985938        47259        71.11
       3.899     0.987500        47334        80.00
       3.945     0.989062        47409        91.43
       3.999     0.990625        47483       106.67
       4.063     0.992188        47556       128.00
       4.093     0.992969        47594       142.22
       4.135     0.993750        47632       160.00
       4.191     0.994531        47668       182.86
       4.247     0.995313        47706       213.33
       4.327     0.996094        47745       256.00
       4.399     0.996484        47763       284.44
       4.451     0.996875        47781       320.00
       4.515     0.997266        47799       365.71
       4.567     0.997656        47820       426.67
       4.691     0.998047        47838       512.00
       4.727     0.998242        47846       568.89
       4.795     0.998437        47856       640.00
       4.923     0.998633        47865       731.43
       5.063     0.998828        47874       853.33
       5.259     0.999023        47884      1024.00
       5.311     0.999121        47889      1137.78
       5.391     0.999219        47893      1280.00
       5.463     0.999316        47898      1462.86
       5.559     0.999414        47902      1706.67
       5.599     0.999512        47907      2048.00
       5.615     0.999561        47909      2275.56
       5.735     0.999609        47912      2560.00
       5.791     0.999658        47914      2925.71
       5.819     0.999707        47916      3413.33
       6.067     0.999756        47920      4096.00
       6.067     0.999780        47920      4551.11
       6.351     0.999805        47921      5120.00
       6.643     0.999829        47922      5851.43
       6.651     0.999854        47924      6826.67
       7.163     0.999878        47925      8192.00
       7.163     0.999890        47925      9102.22
       7.255     0.999902        47926     10240.00
       7.255     0.999915        47926     11702.86
       7.623     0.999927        47927     13653.33
       9.559     0.999939        47928     16384.00
       9.559     0.999945        47928     18204.44
       9.559     0.999951        47928     20480.00
       9.559     0.999957        47928     23405.71
      10.103     0.999963        47929     27306.67
      10.103     0.999969        47929     32768.00
      10.103     0.999973        47929     36408.89
      10.103     0.999976        47929     40960.00
      10.103     0.999979        47929     46811.43
      10.535     0.999982        47930     54613.33
      10.535     1.000000        47930          inf
#[Mean    =        2.296, StdDeviation   =        0.681]
#[Max     =       10.528, Total count    =        47930]
#[Buckets =           27, SubBuckets     =         2048]
----------------------------------------------------------
  57878 requests in 1.00m, 3.66MB read
  Socket errors: connect 9, read 0, write 0, timeout 261
Requests/sec:    964.60
Transfer/sec:     62.39KB
