Running 1m test @ http://localhost:8080
  4 threads and 256 connections
  Thread calibration: mean lat.: 2.422ms, rate sampling interval: 10ms
  Thread calibration: mean lat.: 2.441ms, rate sampling interval: 10ms
  Thread calibration: mean lat.: 2.450ms, rate sampling interval: 10ms
  Thread calibration: mean lat.: 2.445ms, rate sampling interval: 10ms
  Thread Stats   Avg      Stdev     Max   +/- Stdev
    Latency     2.40ms  633.73us   6.63ms   69.19%
    Req/Sec   254.94    104.20   666.00     75.41%
  Latency Distribution (HdrHistogram - Recorded Latency)
 50.000%    2.37ms
 75.000%    2.80ms
 90.000%    3.22ms
 99.000%    3.97ms
 99.900%    5.10ms
 99.990%    6.41ms
 99.999%    6.64ms
100.000%    6.64ms

  Detailed Percentile spectrum:
       Value   Percentile   TotalCount 1/(1-Percentile)

       0.465     0.000000            1         1.00
       1.615     0.100000         4808         1.11
       1.869     0.200000         9607         1.25
       2.055     0.300000        14418         1.43
       2.217     0.400000        19230         1.67
       2.373     0.500000        23983         2.00
       2.451     0.550000        26368         2.22
       2.535     0.600000        28781         2.50
       2.615     0.650000        31191         2.86
       2.701     0.700000        33592         3.33
       2.799     0.750000        35969         4.00
       2.853     0.775000        37146         4.44
       2.911     0.800000        38347         5.00
       2.977     0.825000        39548         5.71
       3.043     0.850000        40745         6.67
       3.121     0.875000        41943         8.00
       3.171     0.887500        42553         8.89
       3.221     0.900000        43153        10.00
       3.271     0.912500        43757        11.43
       3.323     0.925000        44340        13.33
       3.395     0.937500        44940        16.00
       3.433     0.943750        45238        17.78
       3.475     0.950000        45548        20.00
       3.521     0.956250        45853        22.86
       3.571     0.962500        46142        26.67
       3.629     0.968750        46439        32.00
       3.659     0.971875        46588        35.56
       3.699     0.975000        46746        40.00
       3.741     0.978125        46883        45.71
       3.797     0.981250        47037        53.33
       3.857     0.984375        47183        64.00
       3.889     0.985938        47259        71.11
       3.917     0.987500        47335        80.00
       3.953     0.989062        47409        91.43
       3.987     0.990625        47481       106.67
       4.041     0.992188        47556       128.00
       4.059     0.992969        47595       142.22
       4.087     0.993750        47631       160.00
       4.127     0.994531        47668       182.86
       4.187     0.995313        47708       213.33
       4.243     0.996094        47744       256.00
       4.295     0.996484        47763       284.44
       4.351     0.996875        47782       320.00
       4.411     0.997266        47799       365.71
       4.491     0.997656        47821       426.67
       4.563     0.998047        47837       512.00
       4.647     0.998242        47846       568.89
       4.735     0.998437        47857       640.00
       4.875     0.998633        47865       731.43
       5.035     0.998828        47874       853.33
       5.107     0.999023        47884      1024.00
       5.215     0.999121        47888      1137.78
       5.339     0.999219        47893      1280.00
       5.411     0.999316        47898      1462.86
       5.507     0.999414        47903      1706.67
       5.659     0.999512        47907      2048.00
       5.679     0.999561        47909      2275.56
       5.727     0.999609        47912      2560.00
       5.743     0.999658        47914      2925.71
       5.863     0.999707        47916      3413.33
       6.127     0.999756        47919      4096.00
       6.199     0.999780        47920      4551.11
       6.335     0.999805        47921      5120.00
       6.343     0.999829        47922      5851.43
       6.351     0.999854        47923      6826.67
       6.411     0.999878        47926      8192.00
       6.411     0.999890        47926      9102.22
       6.411     0.999902        47926     10240.00
       6.411     0.999915        47926     11702.86
       6.427     0.999927        47927     13653.33
       6.507     0.999939        47928     16384.00
       6.507     0.999945        47928     18204.44
       6.507     0.999951        47928     20480.00
       6.507     0.999957        47928     23405.71
       6.543     0.999963        47929     27306.67
       6.543     0.999969        47929     32768.00
       6.543     0.999973        47929     36408.89
       6.543     0.999976        47929     40960.00
       6.543     0.999979        47929     46811.43
       6.635     0.999982        47930     54613.33
       6.635     1.000000        47930          inf
#[Mean    =        2.399, StdDeviation   =        0.634]
#[Max     =        6.632, Total count    =        47930]
#[Buckets =           27, SubBuckets     =         2048]
----------------------------------------------------------
  57878 requests in 1.00m, 3.66MB read
  Socket errors: connect 9, read 0, write 0, timeout 261
Requests/sec:    964.62
Transfer/sec:     62.39KB
