Running 1m test @ http://localhost:8080
  4 threads and 256 connections
  Thread calibration: mean lat.: 2.457ms, rate sampling interval: 10ms
  Thread calibration: mean lat.: 2.471ms, rate sampling interval: 10ms
  Thread calibration: mean lat.: 2.200ms, rate sampling interval: 10ms
  Thread calibration: mean lat.: 2.227ms, rate sampling interval: 10ms
  Thread Stats   Avg      Stdev     Max   +/- Stdev
    Latency     2.29ms  695.46us   6.17ms   68.19%
    Req/Sec   254.26    106.83   666.00     74.34%
  Latency Distribution (HdrHistogram - Recorded Latency)
 50.000%    2.27ms
 75.000%    2.75ms
 90.000%    3.20ms
 99.000%    4.00ms
 99.900%    4.91ms
 99.990%    5.81ms
 99.999%    6.17ms
100.000%    6.17ms

  Detailed Percentile spectrum:
       Value   Percentile   TotalCount 1/(1-Percentile)

       0.347     0.000000            1         1.00
       1.421     0.100000         4794         1.11
       1.693     0.200000         9597         1.25
       1.901     0.300000        14391         1.43
       2.085     0.400000        19189         1.67
       2.265     0.500000        23992         2.00
       2.355     0.550000        26409         2.22
       2.447     0.600000        28786         2.50
       2.543     0.650000        31181         2.86
       2.641     0.700000        33560         3.33
       2.751     0.750000        35985         4.00
       2.807     0.775000        37155         4.44
       2.875     0.800000        38373         5.00
       2.945     0.825000        39576         5.71
       3.017     0.850000        40749         6.67
       3.101     0.875000        41955         8.00
       3.147     0.887500        42557         8.89
       3.197     0.900000        43158        10.00
       3.255     0.912500        43759        11.43
       3.313     0.925000        44354        13.33
       3.385     0.937500        44941        16.00
       3.427     0.943750        45240        17.78
       3.471     0.950000        45550        20.00
       3.513     0.956250        45835        22.86
       3.571     0.962500        46136        26.67
       3.633     0.968750        46433        32.00
       3.671     0.971875        46591        35.56
       3.709     0.975000        46733        40.00
       3.747     0.978125        46889        45.71
       3.795     0.981250        47037        53.33
       3.853     0.984375        47185        64.00
       3.887     0.985938        47257        71.11
       3.927     0.987500        47335        80.00
       3.969     0.989062        47407        91.43
       4.019     0.990625        47482       106.67
       4.083     0.992188        47557       128.00
       4.115     0.992969        47594       142.22
       4.155     0.993750        47631       160.00
       4.203     0.994531        47668       182.86
       4.263     0.995313        47707       213.33
       4.319     0.996094        47744       256.00
       4.367     0.996484        47764       284.44
       4.411     0.996875        47781       320.00
       4.471     0.997266        47799       365.71
       4.511     0.997656        47818       426.67
       4.595     0.998047        47837       512.00
       4.631     0.998242        47846       568.89
       4.691     0.998437        47857       640.00
       4.731     0.998633        47865       731.43
       4.811     0.998828        47874       853.33
       4.923     0.999023        47884      1024.00
       4.959     0.999121        47888      1137.78
       5.003     0.999219        47893      1280.00
       5.111     0.999316        47898      1462.86
       5.235     0.999414        47902      1706.67
       5.347     0.999512        47907      2048.00
       5.395     0.999561        47909      2275.56
       5.463     0.999609        47912      2560.00
       5.471     0.999658        47914      2925.71
       5.503     0.999707        47916      3413.33
       5.535     0.999756        47919      4096.00
       5.563     0.999780        47920      4551.11
       5.575     0.999805        47921      5120.00
       5.643     0.999829        47922      5851.43
       5.675     0.999854        47923      6826.67
       5.807     0.999878        47925      8192.00
       5.807     0.999890        47925      9102.22
       5.843     0.999902        47926     10240.00
       5.843     0.999915        47926     11702.86
       5.879     0.999927        47927     13653.33
       5.907     0.999939        47928     16384.00
       5.907     0.999945        47928     18204.44
       5.907     0.999951        47928     20480.00
       5.907     0.999957        47928     23405.71
       6.151     0.999963        47929     27306.67
       6.151     0.999969        47929     32768.00
       6.151     0.999973        47929     36408.89
       6.151     0.999976        47929     40960.00
       6.151     0.999979        47929     46811.43
       6.171     0.999982        47930     54613.33
       6.171     1.000000        47930          inf
#[Mean    =        2.293, StdDeviation   =        0.695]
#[Max     =        6.168, Total count    =        47930]
#[Buckets =           27, SubBuckets     =         2048]
----------------------------------------------------------
  57878 requests in 1.00m, 3.66MB read
  Socket errors: connect 9, read 0, write 0, timeout 261
Requests/sec:    964.60
Transfer/sec:     62.39KB
