Running 1m test @ http://localhost:8080
  4 threads and 256 connections
  Thread calibration: mean lat.: 2.469ms, rate sampling interval: 10ms
  Thread calibration: mean lat.: 2.482ms, rate sampling interval: 10ms
  Thread calibration: mean lat.: 2.455ms, rate sampling interval: 10ms
  Thread calibration: mean lat.: 2.465ms, rate sampling interval: 10ms
  Thread Stats   Avg      Stdev     Max   +/- Stdev
    Latency     2.38ms  721.71us   9.42ms   73.97%
    Req/Sec   254.71    103.91   800.00     75.28%
  Latency Distribution (HdrHistogram - Recorded Latency)
 50.000%    2.36ms
 75.000%    2.78ms
 90.000%    3.20ms
 99.000%    4.09ms
 99.900%    8.50ms
 99.990%    9.24ms
 99.999%    9.43ms
100.000%    9.43ms

  Detailed Percentile spectrum:
       Value   Percentile   TotalCount 1/(1-Percentile)

       0.402     0.000000            1         1.00
       1.554     0.100000         4801         1.11
       1.822     0.200000         9590         1.25
       2.020     0.300000        14390         1.43
       2.193     0.400000        19212         1.67
       2.357     0.500000        23989         2.00
       2.435     0.550000        26384         2.22
       2.513     0.600000        28802         2.50
       2.597     0.650000        31165         2.86
       2.687     0.700000        33590         3.33
       2.779     0.750000        35952         4.00
       2.837     0.775000        37157         4.44
       2.897     0.800000        38358         5.00
       2.961     0.825000        39564         5.71
       3.027     0.850000        40766         6.67
       3.111     0.875000        41949         8.00
       3.155     0.887500        42552         8.89
       3.203     0.900000        43138        10.00
       3.263     0.912500        43747        11.43
       3.327     0.925000        44342        13.33
       3.397     0.937500        44939        16.00
       3.435     0.943750        45240        17.78
       3.481     0.950000        45541        20.00
       3.533     0.956250        45838        22.86
       3.589     0.962500        46134        26.67
       3.661     0.968750        46441        32.00
       3.699     0.971875        46586        35.56
       3.739     0.975000        46735        40.00
       3.789     0.978125        46887        45.71
       3.853     0.981250        47037        53.33
       3.927     0.984375        47182        64.00
       3.967     0.985938        47260        71.11
       4.005     0.987500        47332        80.00
       4.053     0.989062        47406        91.43
       4.111     0.990625        47483       106.67
       4.191     0.992188        47560       128.00
       4.251     0.992969        47596       142.22
       4.315     0.993750        47632       160.00
       4.403     0.994531        47668       182.86
       4.535     0.995313        47707       213.33
       4.775     0.996094        47743       256.00
       5.107     0.996484        47762       284.44
       6.867     0.996875        47781       320.00
       7.119     0.997266        47799       365.71
       7.499     0.997656        47818       426.67
       7.747     0.998047        47837       512.00
       7.847     0.998242        47846       568.89
       8.035     0.998437        47856       640.00
       8.179     0.998633        47865       731.43
       8.303     0.998828        47874       853.33
       8.535     0.999023        47885      1024.00
       8.559     0.999121        47888      1137.78
       8.631     0.999219        47893      1280.00
       8.695     0.999316        47898      1462.86
       8.735     0.999414        47903      1706.67
       8.775     0.999512        47907      2048.00
       8.807     0.999561        47909      2275.56
       8.903     0.999609        47913      2560.00
       8.935     0.999658        47914      2925.71
       9.023     0.999707        47916      3413.33
       9.079     0.999756        47919      4096.00
       9.103     0.999780        47920      4551.11
       9.111     0.999805        47922      5120.00
       9.111     0.999829        47922      5851.43
       9.119     0.999854        47923      6826.67
       9.239     0.999878        47925      8192.00
       9.239     0.999890        47925      9102.22
       9.271     0.999902        47926     10240.00
       9.271     0.999915        47926     11702.86
       9.335     0.999927        47928     13653.33
       9.335     0.999939        47928     16384.00
       9.335     0.999945        47928     18204.44
       9.335     0.999951        47928     20480.00
       9.335     0.999957        47928     23405.71
       9.375     0.999963        47929     27306.67
       9.375     0.999969        47929     32768.00
       9.375     0.999973        47929     36408.89
       9.375     0.999976        47929     40960.00
       9.375     0.999979        47929     46811.43
       9.431     0.999982        47930     54613.33
       9.431     1.000000        47930          inf
#[Mean    =        2.383, StdDeviation   =        0.722]
#[Max     =        9.424, Total count    =        47930]
#[Buckets =           27, SubBuckets     =         2048]
----------------------------------------------------------
  57878 requests in 1.00m, 3.70MB read
  Socket errors: connect 9, read 0, write 0, timeout 261
Requests/sec:    964.60
Transfer/sec:     63.11KB
