Running 1m test @ http://localhost:8080
  4 threads and 256 connections
  Thread calibration: mean lat.: 2.314ms, rate sampling interval: 10ms
  Thread calibration: mean lat.: 2.312ms, rate sampling interval: 10ms
  Thread calibration: mean lat.: 2.051ms, rate sampling interval: 10ms
  Thread calibration: mean lat.: 2.111ms, rate sampling interval: 10ms
  Thread Stats   Avg      Stdev     Max   +/- Stdev
    Latency     2.18ms  818.81us  15.27ms   76.84%
    Req/Sec   254.26    106.05     0.89k    73.67%
  Latency Distribution (HdrHistogram - Recorded Latency)
 50.000%    2.11ms
 75.000%    2.59ms
 90.000%    3.05ms
 99.000%    4.30ms
 99.900%    9.30ms
 99.990%   13.30ms
 99.999%   15.28ms
100.000%   15.28ms

  Detailed Percentile spectrum:
       Value   Percentile   TotalCount 1/(1-Percentile)

       0.382     0.000000            1         1.00
       1.299     0.100000         4804         1.11
       1.557     0.200000         9604         1.25
       1.754     0.300000        14383         1.43
       1.937     0.400000        19194         1.67
       2.109     0.500000        23996         2.00
       2.197     0.550000        26401         2.22
       2.289     0.600000        28790         2.50
       2.379     0.650000        31165         2.86
       2.481     0.700000        33578         3.33
       2.593     0.750000        35977         4.00
       2.653     0.775000        37170         4.44
       2.717     0.800000        38387         5.00
       2.789     0.825000        39551         5.71
       2.865     0.850000        40760         6.67
       2.949     0.875000        41962         8.00
       2.995     0.887500        42545         8.89
       3.051     0.900000        43148        10.00
       3.113     0.912500        43737        11.43
       3.189     0.925000        44339        13.33
       3.265     0.937500        44940        16.00
       3.315     0.943750        45235        17.78
       3.371     0.950000        45546        20.00
       3.435     0.956250        45843        22.86
       3.507     0.962500        46145        26.67
       3.589     0.968750        46436        32.00
       3.641     0.971875        46583        35.56
       3.699     0.975000        46734        40.00
       3.755     0.978125        46883        45.71
       3.833     0.981250        47035        53.33
       3.935     0.984375        47185        64.00
       4.007     0.985938        47256        71.11
       4.081     0.987500        47331        80.00
       4.203     0.989062        47408        91.43
       4.359     0.990625        47481       106.67
       4.739     0.992188        47556       128.00
       5.047     0.992969        47593       142.22
       5.475     0.993750        47632       160.00
       5.811     0.994531        47668       182.86
       6.335     0.995313        47707       213.33
       6.679     0.996094        47743       256.00
       6.971     0.996484        47763       284.44
       7.231     0.996875        47781       320.00
       7.479     0.997266        47800       365.71
       7.747     0.997656        47818       426.67
       8.099     0.998047        47837       512.00
       8.343     0.998242        47846       568.89
       8.527     0.998437        47857       640.00
       8.847     0.998633        47865       731.43
       9.079     0.998828        47874       853.33
       9.359     0.999023        47884      1024.00
       9.495     0.999121        47888      1137.78
       9.559     0.999219        47893      1280.00
       9.743     0.999316        47898      1462.86
      10.055     0.999414        47902      1706.67
      10.335     0.999512        47907      2048.00
      10.447     0.999561        47909      2275.56
      10.543     0.999609        47913      2560.00
      10.727     0.999658        47914      2925.71
      10.759     0.999707        47916      3413.33
      11.255     0.999756        47919      4096.00
      11.471     0.999780        47920      4551.11
      12.023     0.999805        47921      5120.00
      12.127     0.999829        47922      5851.43
      12.503     0.999854        47923      6826.67
      13.295     0.999878        47925      8192.00
      13.295     0.999890        47925      9102.22
      13.359     0.999902        47926     10240.00
      13.359     0.999915        47926     11702.86
      13.535     0.999927        47927     13653.33
      14.407     0.999939        47928     16384.00
      14.407     0.999945        47928     18204.44
      14.407     0.999951        47928     20480.00
      14.407     0.999957        47928     23405.71
      15.231     0.999963        47929     27306.67
      15.231     0.999969        47929     32768.00
      15.231     0.999973        47929     36408.89
      15.231     0.999976        47929     40960.00
      15.231     0.999979        47929     46811.43
      15.279     0.999982        47930     54613.33
      15.279     1.000000        47930          inf
#[Mean    =        2.177, StdDeviation   =        0.819]
#[Max     =       15.272, Total count    =        47930]
#[Buckets =           27, SubBuckets     =         2048]
----------------------------------------------------------
  57878 requests in 1.00m, 3.70MB read
  Socket errors: connect 9, read 0, write 0, timeout 261
Requests/sec:    964.60
Transfer/sec:     63.11KB
