Running 1m test @ http://localhost:8080
  4 threads and 256 connections
  Thread calibration: mean lat.: 2.310ms, rate sampling interval: 10ms
  Thread calibration: mean lat.: 2.292ms, rate sampling interval: 10ms
  Thread calibration: mean lat.: 2.117ms, rate sampling interval: 10ms
  Thread calibration: mean lat.: 1.931ms, rate sampling interval: 10ms
  Thread Stats   Avg      Stdev     Max   +/- Stdev
    Latency     2.13ms  762.62us  11.22ms   71.17%
    Req/Sec   254.35    103.90   800.00     73.93%
  Latency Distribution (HdrHistogram - Recorded Latency)
 50.000%    2.08ms
 75.000%    2.59ms
 90.000%    3.07ms
 99.000%    3.97ms
 99.900%    8.14ms
 99.990%    9.49ms
 99.999%   11.22ms
100.000%   11.22ms

  Detailed Percentile spectrum:
       Value   Percentile   TotalCount 1/(1-Percentile)

       0.390     0.000000            1         1.00
       1.230     0.100000         4803         1.11
       1.493     0.200000         9595         1.25
       1.694     0.300000        14395         1.43
       1.886     0.400000        19193         1.67
       2.075     0.500000        23981         2.00
       2.169     0.550000        26414         2.22
       2.263     0.600000        28766         2.50
       2.365     0.650000        31179         2.86
       2.475     0.700000        33567         3.33
       2.589     0.750000        35972         4.00
       2.649     0.775000        37163         4.44
       2.717     0.800000        38348         5.00
       2.789     0.825000        39565         5.71
       2.873     0.850000        40758         6.67
       2.965     0.875000        41965         8.00
       3.015     0.887500        42544         8.89
       3.067     0.900000        43141        10.00
       3.129     0.912500        43743        11.43
       3.193     0.925000        44351        13.33
       3.267     0.937500        44945        16.00
       3.303     0.943750        45242        17.78
       3.353     0.950000        45539        20.00
       3.407     0.956250        45840        22.86
       3.473     0.962500        46137        26.67
       3.545     0.968750        46437        32.00
       3.589     0.971875        46583        35.56
       3.631     0.975000        46738        40.00
       3.677     0.978125        46886        45.71
       3.733     0.981250        47034        53.33
       3.807     0.984375        47182        64.00
       3.845     0.985938        47256        71.11
       3.887     0.987500        47336        80.00
       3.931     0.989062        47408        91.43
       4.007     0.990625        47483       106.67
       4.081     0.992188        47556       128.00
       4.123     0.992969        47594       142.22
       4.179     0.993750        47635       160.00
       4.243     0.994531        47668       182.86
       4.323     0.995313        47707       213.33
       4.407     0.996094        47744       256.00
       4.519     0.996484        47762       284.44
       4.639     0.996875        47783       320.00
       4.875     0.997266        47799       365.71
       6.267     0.997656        47818       426.67
       6.887     0.998047        47837       512.00
       7.255     0.998242        47846       568.89
       7.523     0.998437        47857       640.00
       7.723     0.998633        47865       731.43
       7.939     0.998828        47874       853.33
       8.255     0.999023        47884      1024.00
       8.447     0.999121        47888      1137.78
       8.535     0.999219        47893      1280.00
       8.599     0.999316        47898      1462.86
       8.783     0.999414        47902      1706.67
       8.895     0.999512        47907      2048.00
       8.927     0.999561        47909      2275.56
       8.991     0.999609        47913      2560.00
       8.999     0.999658        47914      2925.71
       9.031     0.999707        47916      3413.33
       9.191     0.999756        47919      4096.00
       9.207     0.999780        47920      4551.11
       9.231     0.999805        47921      5120.00
       9.271     0.999829        47922      5851.43
       9.359     0.999854        47923      6826.67
       9.487     0.999878        47925      8192.00
       9.487     0.999890        47925      9102.22
       9.615     0.999902        47926     10240.00
       9.615     0.999915        47926     11702.86
       9.671     0.999927        47927     13653.33
       9.719     0.999939        47928     16384.00
       9.719     0.999945        47928     18204.44
       9.719     0.999951        47928     20480.00
       9.719     0.999957        47928     23405.71
      10.967     0.999963        47929     27306.67
      10.967     0.999969        47929     32768.00
      10.967     0.999973        47929     36408.89
      10.967     0.999976        47929     40960.00
      10.967     0.999979        47929     46811.43
      11.223     0.999982        47930     54613.33
      11.223     1.000000        47930          inf
#[Mean    =        2.129, StdDeviation   =        0.763]
#[Max     =       11.216, Total count    =        47930]
#[Buckets =           27, SubBuckets     =         2048]
----------------------------------------------------------
  57878 requests in 1.00m, 3.70MB read
  Socket errors: connect 9, read 0, write 0, timeout 261
Requests/sec:    964.60
Transfer/sec:     63.11KB
