Running 1m test @ http://localhost:8080
  4 threads and 4 connections
  Thread calibration: mean lat.: 1.476ms, rate sampling interval: 10ms
  Thread calibration: mean lat.: 1.323ms, rate sampling interval: 10ms
  Thread calibration: mean lat.: 1.546ms, rate sampling interval: 10ms
  Thread calibration: mean lat.: 1.293ms, rate sampling interval: 10ms
  Thread Stats   Avg      Stdev     Max   +/- Stdev
    Latency     1.36ms  463.48us   8.19ms   68.45%
    Req/Sec   262.91     49.06   444.00     66.91%
  Latency Distribution (HdrHistogram - Recorded Latency)
 50.000%    1.33ms
 75.000%    1.67ms
 90.000%    1.98ms
 99.000%    2.38ms
 99.900%    2.69ms
 99.990%    6.71ms
 99.999%    8.20ms
100.000%    8.20ms

  Detailed Percentile spectrum:
       Value   Percentile   TotalCount 1/(1-Percentile)

       0.092     0.000000            1         1.00
       0.781     0.100000         5018         1.11
       0.986     0.200000        10013         1.25
       1.112     0.300000        15047         1.43
       1.222     0.400000        19999         1.67
       1.331     0.500000        25002         2.00
       1.391     0.550000        27520         2.22
       1.454     0.600000        30002         2.50
       1.519     0.650000        32499         2.86
       1.592     0.700000        35009         3.33
       1.670     0.750000        37502         4.00
       1.714     0.775000        38779         4.44
       1.758     0.800000        40013         5.00
       1.806     0.825000        41262         5.71
       1.860     0.850000        42505         6.67
       1.917     0.875000        43764         8.00
       1.947     0.887500        44382         8.89
       1.979     0.900000        45013        10.00
       2.016     0.912500        45634        11.43
       2.049     0.925000        46257        13.33
       2.089     0.937500        46890        16.00
       2.109     0.943750        47203        17.78
       2.129     0.950000        47509        20.00
       2.153     0.956250        47813        22.86
       2.179     0.962500        48124        26.67
       2.207     0.968750        48446        32.00
       2.221     0.971875        48602        35.56
       2.237     0.975000        48758        40.00
       2.259     0.978125        48913        45.71
       2.285     0.981250        49065        53.33
       2.311     0.984375        49216        64.00
       2.329     0.985938        49295        71.11
       2.345     0.987500        49385        80.00
       2.365     0.989062        49458        91.43
       2.383     0.990625        49536       106.67
       2.403     0.992188        49614       128.00
       2.413     0.992969        49649       142.22
       2.425     0.993750        49685       160.00
       2.439     0.994531        49725       182.86
       2.453     0.995313        49763       213.33
       2.469     0.996094        49801       256.00
       2.475     0.996484        49821       284.44
       2.489     0.996875        49841       320.00
       2.503     0.997266        49862       365.71
       2.527     0.997656        49881       426.67
       2.543     0.998047        49900       512.00
       2.559     0.998242        49909       568.89
       2.585     0.998437        49919       640.00
       2.615     0.998633        49928       731.43
       2.653     0.998828        49938       853.33
       2.711     0.999023        49948      1024.00
       2.851     0.999121        49954      1137.78
       2.941     0.999219        49957      1280.00
       3.217     0.999316        49962      1462.86
       3.559     0.999414        49967      1706.67
       3.779     0.999512        49972      2048.00
       3.869     0.999561        49975      2275.56
       3.991     0.999609        49977      2560.00
       4.175     0.999658        49979      2925.71
       4.727     0.999707        49982      3413.33
       5.163     0.999756        49984      4096.00
       5.803     0.999780        49986      4551.11
       6.151     0.999805        49987      5120.00
       6.263     0.999829        49988      5851.43
       6.319     0.999854        49989      6826.67
       6.563     0.999878        49990      8192.00
       6.711     0.999890        49991      9102.22
       6.883     0.999902        49992     10240.00
       6.883     0.999915        49992     11702.86
       7.591     0.999927        49993     13653.33
       7.591     0.999939        49993     16384.00
       7.727     0.999945        49994     18204.44
       7.727     0.999951        49994     20480.00
       7.727     0.999957        49994     23405.71
       8.023     0.999963        49995     27306.67
       8.023     0.999969        49995     32768.00
       8.023     0.999973        49995     36408.89
       8.023     0.999976        49995     40960.00
       8.023     0.999979        49995     46811.43
       8.199     0.999982        49996     54613.33
       8.199     1.000000        49996          inf
#[Mean    =        1.359, StdDeviation   =        0.463]
#[Max     =        8.192, Total count    =        49996]
#[Buckets =           27, SubBuckets     =         2048]
----------------------------------------------------------
  60004 requests in 1.00m, 3.79MB read
Requests/sec:   1000.04
Transfer/sec:     64.71KB