Running 1m test @ http://localhost:8080
  4 threads and 4 connections
  Thread calibration: mean lat.: 1.396ms, rate sampling interval: 10ms
  Thread calibration: mean lat.: 1.476ms, rate sampling interval: 10ms
  Thread calibration: mean lat.: 1.324ms, rate sampling interval: 10ms
  Thread calibration: mean lat.: 1.251ms, rate sampling interval: 10ms
  Thread Stats   Avg      Stdev     Max   +/- Stdev
    Latency     1.34ms  701.15us  20.32ms   83.24%
    Req/Sec   263.05     49.68   666.00     66.21%
  Latency Distribution (HdrHistogram - Recorded Latency)
 50.000%    1.29ms
 75.000%    1.64ms
 90.000%    1.98ms
 99.000%    2.41ms
 99.900%   10.91ms
 99.990%   17.49ms
 99.999%   20.33ms
100.000%   20.33ms

  Detailed Percentile spectrum:
       Value   Percentile   TotalCount 1/(1-Percentile)

       0.091     0.000000            1         1.00
       0.672     0.100000         5014         1.11
       0.895     0.200000        10021         1.25
       1.049     0.300000        15009         1.43
       1.175     0.400000        20008         1.67
       1.289     0.500000        25031         2.00
       1.349     0.550000        27528         2.22
       1.411     0.600000        30000         2.50
       1.481     0.650000        32499         2.86
       1.560     0.700000        35000         3.33
       1.645     0.750000        37504         4.00
       1.690     0.775000        38767         4.44
       1.740     0.800000        40005         5.00
       1.794     0.825000        41257         5.71
       1.852     0.850000        42499         6.67
       1.913     0.875000        43757         8.00
       1.945     0.887500        44377         8.89
       1.980     0.900000        45003        10.00
       2.020     0.912500        45641        11.43
       2.059     0.925000        46280        13.33
       2.099     0.937500        46892        16.00
       2.119     0.943750        47188        17.78
       2.143     0.950000        47497        20.00
       2.171     0.956250        47811        22.86
       2.197     0.962500        48145        26.67
       2.229     0.968750        48451        32.00
       2.247     0.971875        48592        35.56
       2.267     0.975000        48758        40.00
       2.289     0.978125        48905        45.71
       2.315     0.981250        49068        53.33
       2.347     0.984375        49217        64.00
       2.365     0.985938        49299        71.11
       2.381     0.987500        49376        80.00
       2.401     0.989062        49450        91.43
       2.425     0.990625        49528       106.67
       2.457     0.992188        49608       128.00
       2.473     0.992969        49645       142.22
       2.493     0.993750        49685       160.00
       2.529     0.994531        49724       182.86
       2.597     0.995313        49762       213.33
       2.867     0.996094        49801       256.00
       3.745     0.996484        49821       284.44
       4.431     0.996875        49840       320.00
       5.343     0.997266        49860       365.71
       6.203     0.997656        49880       426.67
       7.395     0.998047        49899       512.00
       7.967     0.998242        49909       568.89
       8.735     0.998437        49918       640.00
       9.943     0.998633        49928       731.43
      10.415     0.998828        49938       853.33
      10.951     0.999023        49948      1024.00
      11.287     0.999121        49953      1137.78
      12.023     0.999219        49957      1280.00
      12.951     0.999316        49962      1462.86
      13.407     0.999414        49967      1706.67
      13.863     0.999512        49972      2048.00
      14.135     0.999561        49975      2275.56
      14.231     0.999609        49977      2560.00
      14.383     0.999658        49979      2925.71
      14.959     0.999707        49982      3413.33
      16.799     0.999756        49984      4096.00
      17.103     0.999780        49986      4551.11
      17.119     0.999805        49988      5120.00
      17.119     0.999829        49988      5851.43
      17.231     0.999854        49989      6826.67
      17.375     0.999878        49990      8192.00
      17.487     0.999890        49991      9102.22
      17.839     0.999902        49992     10240.00
      17.839     0.999915        49992     11702.86
      17.999     0.999927        49993     13653.33
      17.999     0.999939        49993     16384.00
      18.255     0.999945        49994     18204.44
      18.255     0.999951        49994     20480.00
      18.255     0.999957        49994     23405.71
      20.303     0.999963        49995     27306.67
      20.303     0.999969        49995     32768.00
      20.303     0.999973        49995     36408.89
      20.303     0.999976        49995     40960.00
      20.303     0.999979        49995     46811.43
      20.335     0.999982        49996     54613.33
      20.335     1.000000        49996          inf
#[Mean    =        1.335, StdDeviation   =        0.701]
#[Max     =       20.320, Total count    =        49996]
#[Buckets =           27, SubBuckets     =         2048]
----------------------------------------------------------
  60004 requests in 1.00m, 3.79MB read
Requests/sec:   1000.04
Transfer/sec:     64.71KB