Running 1m test @ http://localhost:8080
  4 threads and 4 connections
  Thread calibration: mean lat.: 1.388ms, rate sampling interval: 10ms
  Thread calibration: mean lat.: 1.442ms, rate sampling interval: 10ms
  Thread calibration: mean lat.: 1.238ms, rate sampling interval: 10ms
  Thread calibration: mean lat.: 1.294ms, rate sampling interval: 10ms
  Thread Stats   Avg      Stdev     Max   +/- Stdev
    Latency     1.40ms  799.35us  21.76ms   91.23%
    Req/Sec   262.95     49.25   555.00     68.02%
  Latency Distribution (HdrHistogram - Recorded Latency)
 50.000%    1.34ms
 75.000%    1.69ms
 90.000%    2.01ms
 99.000%    2.43ms
 99.900%   13.81ms
 99.990%   20.61ms
 99.999%   21.77ms
100.000%   21.77ms

  Detailed Percentile spectrum:
       Value   Percentile   TotalCount 1/(1-Percentile)

       0.082     0.000000            1         1.00
       0.774     0.100000         5010         1.11
       0.990     0.200000        10016         1.25
       1.121     0.300000        15039         1.43
       1.235     0.400000        20004         1.67
       1.344     0.500000        25007         2.00
       1.403     0.550000        27512         2.22
       1.470     0.600000        30014         2.50
       1.537     0.650000        32528         2.86
       1.610     0.700000        35016         3.33
       1.693     0.750000        37507         4.00
       1.739     0.775000        38772         4.44
       1.787     0.800000        40018         5.00
       1.835     0.825000        41257         5.71
       1.888     0.850000        42497         6.67
       1.947     0.875000        43752         8.00
       1.977     0.887500        44376         8.89
       2.009     0.900000        44997        10.00
       2.043     0.912500        45634        11.43
       2.079     0.925000        46270        13.33
       2.115     0.937500        46908        16.00
       2.133     0.943750        47185        17.78
       2.155     0.950000        47513        20.00
       2.177     0.956250        47834        22.86
       2.201     0.962500        48142        26.67
       2.227     0.968750        48444        32.00
       2.243     0.971875        48605        35.56
       2.261     0.975000        48756        40.00
       2.283     0.978125        48912        45.71
       2.309     0.981250        49061        53.33
       2.347     0.984375        49226        64.00
       2.363     0.985938        49296        71.11
       2.381     0.987500        49372        80.00
       2.407     0.989062        49453        91.43
       2.439     0.990625        49529       106.67
       2.471     0.992188        49610       128.00
       2.491     0.992969        49649       142.22
       2.527     0.993750        49684       160.00
       2.599     0.994531        49723       182.86
       2.931     0.995313        49762       213.33
       4.151     0.996094        49801       256.00
       4.759     0.996484        49821       284.44
       6.191     0.996875        49840       320.00
       7.755     0.997266        49860       365.71
       8.871     0.997656        49879       426.67
      10.423     0.998047        49899       512.00
      10.991     0.998242        49909       568.89
      11.343     0.998437        49918       640.00
      12.151     0.998633        49928       731.43
      13.303     0.998828        49938       853.33
      13.959     0.999023        49948      1024.00
      14.375     0.999121        49953      1137.78
      15.287     0.999219        49957      1280.00
      15.903     0.999316        49962      1462.86
      16.415     0.999414        49967      1706.67
      17.103     0.999512        49972      2048.00
      17.151     0.999561        49975      2275.56
      17.375     0.999609        49977      2560.00
      17.647     0.999658        49979      2925.71
      18.303     0.999707        49982      3413.33
      18.559     0.999756        49984      4096.00
      18.959     0.999780        49986      4551.11
      19.103     0.999805        49988      5120.00
      19.103     0.999829        49988      5851.43
      19.247     0.999854        49989      6826.67
      20.143     0.999878        49990      8192.00
      20.607     0.999890        49991      9102.22
      20.687     0.999902        49992     10240.00
      20.687     0.999915        49992     11702.86
      21.263     0.999927        49993     13653.33
      21.263     0.999939        49993     16384.00
      21.295     0.999945        49994     18204.44
      21.295     0.999951        49994     20480.00
      21.295     0.999957        49994     23405.71
      21.407     0.999963        49995     27306.67
      21.407     0.999969        49995     32768.00
      21.407     0.999973        49995     36408.89
      21.407     0.999976        49995     40960.00
      21.407     0.999979        49995     46811.43
      21.775     0.999982        49996     54613.33
      21.775     1.000000        49996          inf
#[Mean    =        1.405, StdDeviation   =        0.799]
#[Max     =       21.760, Total count    =        49996]
#[Buckets =           27, SubBuckets     =         2048]
----------------------------------------------------------
  60004 requests in 1.00m, 3.79MB read
Requests/sec:   1000.04
Transfer/sec:     64.71KB