Running 1m test @ http://localhost:8080
  4 threads and 4 connections
  Thread calibration: mean lat.: 1.273ms, rate sampling interval: 10ms
  Thread calibration: mean lat.: 1.437ms, rate sampling interval: 10ms
  Thread calibration: mean lat.: 1.450ms, rate sampling interval: 10ms
  Thread calibration: mean lat.: 1.260ms, rate sampling interval: 10ms
  Thread Stats   Avg      Stdev     Max   +/- Stdev
    Latency     1.39ms    0.97ms  31.92ms   96.23%
    Req/Sec   262.72     49.99     0.90k    66.36%
  Latency Distribution (HdrHistogram - Recorded Latency)
 50.000%    1.33ms
 75.000%    1.68ms
 90.000%    2.02ms
 99.000%    2.47ms
 99.900%   21.07ms
 99.990%   28.51ms
 99.999%   31.93ms
100.000%   31.93ms

  Detailed Percentile spectrum:
       Value   Percentile   TotalCount 1/(1-Percentile)

       0.114     0.000000            1         1.00
       0.761     0.100000         5017         1.11
       0.954     0.200000        10017         1.25
       1.093     0.300000        15015         1.43
       1.215     0.400000        20005         1.67
       1.328     0.500000        25030         2.00
       1.389     0.550000        27542         2.22
       1.452     0.600000        30021         2.50
       1.521     0.650000        32525         2.86
       1.597     0.700000        35026         3.33
       1.685     0.750000        37517         4.00
       1.733     0.775000        38767         4.44
       1.783     0.800000        40011         5.00
       1.836     0.825000        41249         5.71
       1.894     0.850000        42516         6.67
       1.954     0.875000        43763         8.00
       1.985     0.887500        44387         8.89
       2.018     0.900000        45001        10.00
       2.055     0.912500        45629        11.43
       2.093     0.925000        46262        13.33
       2.133     0.937500        46887        16.00
       2.155     0.943750        47197        17.78
       2.179     0.950000        47506        20.00
       2.205     0.956250        47832        22.86
       2.229     0.962500        48136        26.67
       2.265     0.968750        48443        32.00
       2.285     0.971875        48593        35.56
       2.309     0.975000        48755        40.00
       2.337     0.978125        48911        45.71
       2.365     0.981250        49060        53.33
       2.397     0.984375        49218        64.00
       2.417     0.985938        49293        71.11
       2.439     0.987500        49376        80.00
       2.461     0.989062        49457        91.43
       2.483     0.990625        49530       106.67
       2.517     0.992188        49613       128.00
       2.535     0.992969        49647       142.22
       2.555     0.993750        49688       160.00
       2.583     0.994531        49723       182.86
       2.615     0.995313        49764       213.33
       2.641     0.996094        49801       256.00
       2.667     0.996484        49821       284.44
       2.731     0.996875        49840       320.00
       3.179     0.997266        49860       365.71
       3.793     0.997656        49879       426.67
       5.047     0.998047        49899       512.00
       6.103     0.998242        49909       568.89
       7.599     0.998437        49918       640.00
      11.735     0.998633        49928       731.43
      18.319     0.998828        49938       853.33
      21.311     0.999023        49948      1024.00
      22.991     0.999121        49953      1137.78
      23.599     0.999219        49957      1280.00
      23.935     0.999316        49962      1462.86
      24.495     0.999414        49968      1706.67
      25.119     0.999512        49972      2048.00
      25.551     0.999561        49975      2275.56
      25.839     0.999609        49977      2560.00
      26.671     0.999658        49979      2925.71
      27.087     0.999707        49982      3413.33
      27.551     0.999756        49985      4096.00
      27.791     0.999780        49986      4551.11
      27.823     0.999805        49987      5120.00
      27.935     0.999829        49988      5851.43
      28.351     0.999854        49989      6826.67
      28.463     0.999878        49990      8192.00
      28.511     0.999890        49991      9102.22
      28.639     0.999902        49992     10240.00
      28.639     0.999915        49992     11702.86
      29.327     0.999927        49993     13653.33
      29.327     0.999939        49993     16384.00
      30.239     0.999945        49994     18204.44
      30.239     0.999951        49994     20480.00
      30.239     0.999957        49994     23405.71
      30.879     0.999963        49995     27306.67
      30.879     0.999969        49995     32768.00
      30.879     0.999973        49995     36408.89
      30.879     0.999976        49995     40960.00
      30.879     0.999979        49995     46811.43
      31.935     0.999982        49996     54613.33
      31.935     1.000000        49996          inf
#[Mean    =        1.392, StdDeviation   =        0.970]
#[Max     =       31.920, Total count    =        49996]
#[Buckets =           27, SubBuckets     =         2048]
----------------------------------------------------------
  60004 requests in 1.00m, 3.83MB read
Requests/sec:   1000.02
Transfer/sec:     65.43KB