Running 1m test @ http://localhost:8080
  4 threads and 4 connections
  Thread calibration: mean lat.: 1.499ms, rate sampling interval: 10ms
  Thread calibration: mean lat.: 1.342ms, rate sampling interval: 10ms
  Thread calibration: mean lat.: 1.383ms, rate sampling interval: 10ms
  Thread calibration: mean lat.: 1.430ms, rate sampling interval: 10ms
  Thread Stats   Avg      Stdev     Max   +/- Stdev
    Latency     1.35ms  483.11us   9.10ms   71.27%
    Req/Sec   263.04     50.25   444.00     63.19%
  Latency Distribution (HdrHistogram - Recorded Latency)
 50.000%    1.33ms
 75.000%    1.66ms
 90.000%    1.95ms
 99.000%    2.36ms
 99.900%    5.04ms
 99.990%    8.11ms
 99.999%    9.10ms
100.000%    9.10ms

  Detailed Percentile spectrum:
       Value   Percentile   TotalCount 1/(1-Percentile)

       0.079     0.000000            1         1.00
       0.775     0.100000         5015         1.11
       0.982     0.200000        10011         1.25
       1.110     0.300000        15025         1.43
       1.221     0.400000        20009         1.67
       1.330     0.500000        25034         2.00
       1.387     0.550000        27522         2.22
       1.447     0.600000        30006         2.50
       1.513     0.650000        32509         2.86
       1.584     0.700000        35029         3.33
       1.659     0.750000        37524         4.00
       1.699     0.775000        38766         4.44
       1.741     0.800000        40025         5.00
       1.787     0.825000        41261         5.71
       1.835     0.850000        42504         6.67
       1.887     0.875000        43766         8.00
       1.914     0.887500        44379         8.89
       1.947     0.900000        45016        10.00
       1.978     0.912500        45627        11.43
       2.012     0.925000        46266        13.33
       2.051     0.937500        46897        16.00
       2.069     0.943750        47184        17.78
       2.093     0.950000        47513        20.00
       2.115     0.956250        47841        22.86
       2.139     0.962500        48128        26.67
       2.169     0.968750        48436        32.00
       2.187     0.971875        48609        35.56
       2.203     0.975000        48753        40.00
       2.223     0.978125        48908        45.71
       2.249     0.981250        49064        53.33
       2.275     0.984375        49220        64.00
       2.295     0.985938        49295        71.11
       2.313     0.987500        49375        80.00
       2.337     0.989062        49452        91.43
       2.367     0.990625        49533       106.67
       2.397     0.992188        49607       128.00
       2.429     0.992969        49646       142.22
       2.455     0.993750        49685       160.00
       2.483     0.994531        49724       182.86
       2.543     0.995313        49762       213.33
       2.667     0.996094        49801       256.00
       2.763     0.996484        49821       284.44
       2.855     0.996875        49840       320.00
       2.963     0.997266        49860       365.71
       3.297     0.997656        49879       426.67
       3.621     0.998047        49899       512.00
       3.851     0.998242        49909       568.89
       4.001     0.998437        49918       640.00
       4.391     0.998633        49928       731.43
       4.819     0.998828        49938       853.33
       5.067     0.999023        49948      1024.00
       5.227     0.999121        49953      1137.78
       5.319     0.999219        49957      1280.00
       5.463     0.999316        49962      1462.86
       5.771     0.999414        49967      1706.67
       6.019     0.999512        49972      2048.00
       6.511     0.999561        49975      2275.56
       6.751     0.999609        49977      2560.00
       6.947     0.999658        49979      2925.71
       7.227     0.999707        49982      3413.33
       7.491     0.999756        49984      4096.00
       7.527     0.999780        49986      4551.11
       7.707     0.999805        49987      5120.00
       7.727     0.999829        49988      5851.43
       7.755     0.999854        49989      6826.67
       7.991     0.999878        49990      8192.00
       8.115     0.999890        49991      9102.22
       8.179     0.999902        49992     10240.00
       8.179     0.999915        49992     11702.86
       8.311     0.999927        49993     13653.33
       8.311     0.999939        49993     16384.00
       8.423     0.999945        49994     18204.44
       8.423     0.999951        49994     20480.00
       8.423     0.999957        49994     23405.71
       8.879     0.999963        49995     27306.67
       8.879     0.999969        49995     32768.00
       8.879     0.999973        49995     36408.89
       8.879     0.999976        49995     40960.00
       8.879     0.999979        49995     46811.43
       9.103     0.999982        49996     54613.33
       9.103     1.000000        49996          inf
#[Mean    =        1.354, StdDeviation   =        0.483]
#[Max     =        9.096, Total count    =        49996]
#[Buckets =           27, SubBuckets     =         2048]
----------------------------------------------------------
  60004 requests in 1.00m, 3.83MB read
Requests/sec:   1000.05
Transfer/sec:     65.43KB