Running 1m test @ http://localhost:8080
  4 threads and 4 connections
  Thread calibration: mean lat.: 1.509ms, rate sampling interval: 10ms
  Thread calibration: mean lat.: 1.475ms, rate sampling interval: 10ms
  Thread calibration: mean lat.: 1.309ms, rate sampling interval: 10ms
  Thread calibration: mean lat.: 1.326ms, rate sampling interval: 10ms
  Thread Stats   Avg      Stdev     Max   +/- Stdev
    Latency     1.40ms  732.35us  21.38ms   87.27%
    Req/Sec   262.45     48.74   666.00     68.60%
  Latency Distribution (HdrHistogram - Recorded Latency)
 50.000%    1.35ms
 75.000%    1.70ms
 90.000%    2.02ms
 99.000%    2.49ms
 99.900%   11.27ms
 99.990%   20.38ms
 99.999%   21.39ms
100.000%   21.39ms

  Detailed Percentile spectrum:
       Value   Percentile   TotalCount 1/(1-Percentile)

       0.113     0.000000            1         1.00
       0.787     0.100000         5009         1.11
       0.983     0.200000        10043         1.25
       1.114     0.300000        15042         1.43
       1.236     0.400000        20029         1.67
       1.345     0.500000        25025         2.00
       1.404     0.550000        27504         2.22
       1.469     0.600000        30028         2.50
       1.540     0.650000        32510         2.86
       1.615     0.700000        35006         3.33
       1.698     0.750000        37498         4.00
       1.744     0.775000        38775         4.44
       1.793     0.800000        40002         5.00
       1.844     0.825000        41253         5.71
       1.901     0.850000        42502         6.67
       1.960     0.875000        43747         8.00
       1.991     0.887500        44384         8.89
       2.022     0.900000        44997        10.00
       2.057     0.912500        45623        11.43
       2.095     0.925000        46271        13.33
       2.139     0.937500        46875        16.00
       2.159     0.943750        47184        17.78
       2.185     0.950000        47516        20.00
       2.211     0.956250        47823        22.86
       2.247     0.962500        48123        26.67
       2.289     0.968750        48446        32.00
       2.311     0.971875        48595        35.56
       2.337     0.975000        48755        40.00
       2.363     0.978125        48913        45.71
       2.391     0.981250        49069        53.33
       2.419     0.984375        49219        64.00
       2.437     0.985938        49297        71.11
       2.455     0.987500        49373        80.00
       2.479     0.989062        49460        91.43
       2.503     0.990625        49530       106.67
       2.545     0.992188        49606       128.00
       2.577     0.992969        49646       142.22
       2.615     0.993750        49684       160.00
       2.707     0.994531        49723       182.86
       3.141     0.995313        49763       213.33
       3.821     0.996094        49801       256.00
       4.583     0.996484        49821       284.44
       5.115     0.996875        49840       320.00
       5.671     0.997266        49860       365.71
       6.427     0.997656        49879       426.67
       7.771     0.998047        49899       512.00
       8.631     0.998242        49909       568.89
       9.023     0.998437        49918       640.00
       9.615     0.998633        49929       731.43
      10.903     0.998828        49938       853.33
      11.575     0.999023        49948      1024.00
      12.383     0.999121        49953      1137.78
      12.911     0.999219        49957      1280.00
      13.607     0.999316        49962      1462.86
      14.527     0.999414        49967      1706.67
      15.359     0.999512        49972      2048.00
      16.015     0.999561        49975      2275.56
      17.471     0.999609        49977      2560.00
      17.823     0.999658        49979      2925.71
      18.015     0.999707        49982      3413.33
      18.463     0.999756        49984      4096.00
      18.895     0.999780        49986      4551.11
      19.215     0.999805        49988      5120.00
      19.215     0.999829        49988      5851.43
      19.391     0.999854        49989      6826.67
      19.951     0.999878        49990      8192.00
      20.383     0.999890        49991      9102.22
      20.399     0.999902        49992     10240.00
      20.399     0.999915        49992     11702.86
      20.463     0.999927        49993     13653.33
      20.463     0.999939        49993     16384.00
      20.911     0.999945        49994     18204.44
      20.911     0.999951        49994     20480.00
      20.911     0.999957        49994     23405.71
      21.375     0.999963        49995     27306.67
      21.375     0.999969        49995     32768.00
      21.375     0.999973        49995     36408.89
      21.375     0.999976        49995     40960.00
      21.375     0.999979        49995     46811.43
      21.391     0.999982        49996     54613.33
      21.391     1.000000        49996          inf
#[Mean    =        1.404, StdDeviation   =        0.732]
#[Max     =       21.376, Total count    =        49996]
#[Buckets =           27, SubBuckets     =         2048]
----------------------------------------------------------
  60004 requests in 1.00m, 3.83MB read
Requests/sec:   1000.04
Transfer/sec:     65.43KB