Running 1m test @ http://localhost:8080
  4 threads and 256 connections
  Thread calibration: mean lat.: 1.603ms, rate sampling interval: 10ms
  Thread calibration: mean lat.: 1.497ms, rate sampling interval: 10ms
  Thread calibration: mean lat.: 1.509ms, rate sampling interval: 10ms
  Thread calibration: mean lat.: 4.370ms, rate sampling interval: 13ms
  Thread Stats   Avg      Stdev     Max   +/- Stdev
    Latency     1.83ms    0.90ms   8.28ms   76.80%
    Req/Sec   265.39    483.95     5.33k    98.83%
  Latency Distribution (HdrHistogram - Recorded Latency)
 50.000%    1.69ms
 75.000%    2.21ms
 90.000%    2.86ms
 99.000%    5.22ms
 99.900%    6.88ms
 99.990%    7.68ms
 99.999%    8.29ms
100.000%    8.29ms

  Detailed Percentile spectrum:
       Value   Percentile   TotalCount 1/(1-Percentile)

       0.143     0.000000            1         1.00
       0.898     0.100000         4973         1.11
       1.138     0.200000         9935         1.25
       1.334     0.300000        14912         1.43
       1.510     0.400000        19872         1.67
       1.690     0.500000        24848         2.00
       1.782     0.550000        27324         2.22
       1.875     0.600000        29816         2.50
       1.973     0.650000        32308         2.86
       2.083     0.700000        34777         3.33
       2.213     0.750000        37278         4.00
       2.281     0.775000        38505         4.44
       2.363     0.800000        39758         5.00
       2.459     0.825000        41001         5.71
       2.565     0.850000        42229         6.67
       2.697     0.875000        43479         8.00
       2.773     0.887500        44087         8.89
       2.861     0.900000        44708        10.00
       2.965     0.912500        45329        11.43
       3.091     0.925000        45951        13.33
       3.249     0.937500        46574        16.00
       3.349     0.943750        46882        17.78
       3.463     0.950000        47190        20.00
       3.599     0.956250        47502        22.86
       3.753     0.962500        47812        26.67
       3.943     0.968750        48122        32.00
       4.051     0.971875        48277        35.56
       4.171     0.975000        48436        40.00
       4.299     0.978125        48589        45.71
       4.455     0.981250        48742        53.33
       4.651     0.984375        48897        64.00
       4.771     0.985938        48976        71.11
       4.927     0.987500        49053        80.00
       5.087     0.989062        49132        91.43
       5.291     0.990625        49208       106.67
       5.471     0.992188        49285       128.00
       5.579     0.992969        49324       142.22
       5.695     0.993750        49363       160.00
       5.811     0.994531        49402       182.86
       5.951     0.995313        49442       213.33
       6.091     0.996094        49480       256.00
       6.151     0.996484        49501       284.44
       6.223     0.996875        49518       320.00
       6.307     0.997266        49538       365.71
       6.443     0.997656        49557       426.67
       6.575     0.998047        49577       512.00
       6.599     0.998242        49587       568.89
       6.643     0.998437        49596       640.00
       6.747     0.998633        49608       731.43
       6.799     0.998828        49616       853.33
       6.887     0.999023        49625      1024.00
       6.911     0.999121        49630      1137.78
       6.967     0.999219        49636      1280.00
       7.011     0.999316        49640      1462.86
       7.075     0.999414        49644      1706.67
       7.147     0.999512        49649      2048.00
       7.179     0.999561        49653      2275.56
       7.183     0.999609        49654      2560.00
       7.303     0.999658        49658      2925.71
       7.319     0.999707        49659      3413.33
       7.419     0.999756        49661      4096.00
       7.443     0.999780        49663      4551.11
       7.459     0.999805        49664      5120.00
       7.499     0.999829        49665      5851.43
       7.531     0.999854        49666      6826.67
       7.547     0.999878        49667      8192.00
       7.683     0.999890        49668      9102.22
       7.707     0.999902        49669     10240.00
       7.707     0.999915        49669     11702.86
       7.879     0.999927        49670     13653.33
       7.879     0.999939        49670     16384.00
       7.919     0.999945        49671     18204.44
       7.919     0.999951        49671     20480.00
       7.919     0.999957        49671     23405.71
       7.979     0.999963        49672     27306.67
       7.979     0.999969        49672     32768.00
       7.979     0.999973        49672     36408.89
       7.979     0.999976        49672     40960.00
       7.979     0.999979        49672     46811.43
       8.287     0.999982        49673     54613.33
       8.287     1.000000        49673          inf
#[Mean    =        1.832, StdDeviation   =        0.896]
#[Max     =        8.280, Total count    =        49673]
#[Buckets =           27, SubBuckets     =         2048]
----------------------------------------------------------
  59793 requests in 1.00m, 4.69MB read
Requests/sec:    994.19
Transfer/sec:     79.86KB
