Running 1m test @ http://localhost:8080
  4 threads and 256 connections
  Thread calibration: mean lat.: 1.651ms, rate sampling interval: 10ms
  Thread calibration: mean lat.: 1.674ms, rate sampling interval: 10ms
  Thread calibration: mean lat.: 1.654ms, rate sampling interval: 10ms
  Thread calibration: mean lat.: 4.581ms, rate sampling interval: 14ms
  Thread Stats   Avg      Stdev     Max   +/- Stdev
    Latency     1.90ms    0.94ms   9.04ms   75.28%
    Req/Sec   265.39    457.93     4.92k    98.82%
  Latency Distribution (HdrHistogram - Recorded Latency)
 50.000%    1.73ms
 75.000%    2.32ms
 90.000%    3.05ms
 99.000%    5.18ms
 99.900%    6.79ms
 99.990%    8.45ms
 99.999%    9.05ms
100.000%    9.05ms

  Detailed Percentile spectrum:
       Value   Percentile   TotalCount 1/(1-Percentile)

       0.171     0.000000            1         1.00
       0.898     0.100000         4977         1.11
       1.162     0.200000         9951         1.25
       1.363     0.300000        14907         1.43
       1.547     0.400000        19877         1.67
       1.731     0.500000        24855         2.00
       1.829     0.550000        27341         2.22
       1.930     0.600000        29813         2.50
       2.049     0.650000        32316         2.86
       2.171     0.700000        34786         3.33
       2.319     0.750000        37274         4.00
       2.403     0.775000        38520         4.44
       2.497     0.800000        39755         5.00
       2.599     0.825000        40987         5.71
       2.719     0.850000        42225         6.67
       2.867     0.875000        43466         8.00
       2.955     0.887500        44091         8.89
       3.049     0.900000        44710        10.00
       3.155     0.912500        45330        11.43
       3.297     0.925000        45952        13.33
       3.459     0.937500        46577        16.00
       3.551     0.943750        46883        17.78
       3.667     0.950000        47195        20.00
       3.795     0.956250        47501        22.86
       3.967     0.962500        47812        26.67
       4.147     0.968750        48124        32.00
       4.263     0.971875        48278        35.56
       4.383     0.975000        48436        40.00
       4.527     0.978125        48592        45.71
       4.679     0.981250        48745        53.33
       4.847     0.984375        48898        64.00
       4.943     0.985938        48978        71.11
       5.043     0.987500        49053        80.00
       5.135     0.989062        49131        91.43
       5.239     0.990625        49209       106.67
       5.359     0.992188        49286       128.00
       5.451     0.992969        49326       142.22
       5.547     0.993750        49363       160.00
       5.651     0.994531        49403       182.86
       5.787     0.995313        49442       213.33
       5.915     0.996094        49479       256.00
       5.983     0.996484        49499       284.44
       6.079     0.996875        49518       320.00
       6.179     0.997266        49538       365.71
       6.315     0.997656        49558       426.67
       6.411     0.998047        49578       512.00
       6.467     0.998242        49586       568.89
       6.575     0.998437        49596       640.00
       6.687     0.998633        49607       731.43
       6.719     0.998828        49615       853.33
       6.823     0.999023        49625      1024.00
       6.927     0.999121        49630      1137.78
       6.971     0.999219        49635      1280.00
       7.039     0.999316        49641      1462.86
       7.139     0.999414        49644      1706.67
       7.247     0.999512        49649      2048.00
       7.343     0.999561        49652      2275.56
       7.359     0.999609        49654      2560.00
       7.403     0.999658        49657      2925.71
       7.579     0.999707        49659      3413.33
       8.103     0.999756        49661      4096.00
       8.271     0.999780        49663      4551.11
       8.287     0.999805        49664      5120.00
       8.319     0.999829        49665      5851.43
       8.327     0.999854        49666      6826.67
       8.407     0.999878        49667      8192.00
       8.447     0.999890        49668      9102.22
       8.479     0.999902        49669     10240.00
       8.479     0.999915        49669     11702.86
       8.519     0.999927        49670     13653.33
       8.519     0.999939        49670     16384.00
       8.703     0.999945        49671     18204.44
       8.703     0.999951        49671     20480.00
       8.703     0.999957        49671     23405.71
       8.927     0.999963        49672     27306.67
       8.927     0.999969        49672     32768.00
       8.927     0.999973        49672     36408.89
       8.927     0.999976        49672     40960.00
       8.927     0.999979        49672     46811.43
       9.047     0.999982        49673     54613.33
       9.047     1.000000        49673          inf
#[Mean    =        1.897, StdDeviation   =        0.943]
#[Max     =        9.040, Total count    =        49673]
#[Buckets =           27, SubBuckets     =         2048]
----------------------------------------------------------
  59793 requests in 1.00m, 4.69MB read
Requests/sec:    994.14
Transfer/sec:     79.86KB
