Running 1m test @ http://localhost:8080
  4 threads and 256 connections
  Thread calibration: mean lat.: 0.933ms, rate sampling interval: 10ms
  Thread calibration: mean lat.: 0.888ms, rate sampling interval: 10ms
  Thread calibration: mean lat.: 0.887ms, rate sampling interval: 10ms
  Thread calibration: mean lat.: 0.832ms, rate sampling interval: 10ms
  Thread Stats   Avg      Stdev     Max   +/- Stdev
    Latency   756.75us  833.76us  33.44ms   97.89%
    Req/Sec   222.90    103.40     1.00k    64.21%
  Latency Distribution (HdrHistogram - Recorded Latency)
 50.000%  654.00us
 75.000%    0.95ms
 90.000%    1.11ms
 99.000%    3.11ms
 99.900%   12.47ms
 99.990%   23.77ms
 99.999%   33.47ms
100.000%   33.47ms

  Detailed Percentile spectrum:
       Value   Percentile   TotalCount 1/(1-Percentile)

       0.086     0.000000            1         1.00
       0.298     0.100000         4209         1.11
       0.397     0.200000         8381         1.25
       0.484     0.300000        12602         1.43
       0.573     0.400000        16779         1.67
       0.654     0.500000        20993         2.00
       0.697     0.550000        23043         2.22
       0.752     0.600000        25145         2.50
       0.824     0.650000        27223         2.86
       0.890     0.700000        29314         3.33
       0.954     0.750000        31442         4.00
       0.976     0.775000        32495         4.44
       0.994     0.800000        33500         5.00
       1.019     0.825000        34565         5.71
       1.045     0.850000        35614         6.67
       1.077     0.875000        36663         8.00
       1.092     0.887500        37166         8.89
       1.105     0.900000        37693        10.00
       1.120     0.912500        38213        11.43
       1.135     0.925000        38752        13.33
       1.150     0.937500        39276        16.00
       1.158     0.943750        39520        17.78
       1.168     0.950000        39784        20.00
       1.184     0.956250        40043        22.86
       1.210     0.962500        40298        26.67
       1.276     0.968750        40561        32.00
       1.342     0.971875        40690        35.56
       1.417     0.975000        40822        40.00
       1.545     0.978125        40951        45.71
       1.736     0.981250        41082        53.33
       2.053     0.984375        41212        64.00
       2.237     0.985938        41278        71.11
       2.529     0.987500        41343        80.00
       2.893     0.989062        41409        91.43
       3.359     0.990625        41474       106.67
       3.929     0.992188        41539       128.00
       4.315     0.992969        41572       142.22
       4.759     0.993750        41605       160.00
       5.407     0.994531        41638       182.86
       5.827     0.995313        41670       213.33
       6.475     0.996094        41703       256.00
       6.883     0.996484        41719       284.44
       7.231     0.996875        41737       320.00
       7.707     0.997266        41752       365.71
       8.311     0.997656        41768       426.67
       8.951     0.998047        41785       512.00
       9.719     0.998242        41793       568.89
      10.703     0.998437        41801       640.00
      11.335     0.998633        41809       731.43
      12.055     0.998828        41817       853.33
      12.767     0.999023        41826      1024.00
      13.511     0.999121        41830      1137.78
      14.215     0.999219        41834      1280.00
      14.455     0.999316        41838      1462.86
      15.567     0.999414        41842      1706.67
      15.943     0.999512        41846      2048.00
      16.127     0.999561        41848      2275.56
      17.071     0.999609        41850      2560.00
      18.127     0.999658        41852      2925.71
      18.703     0.999707        41854      3413.33
      18.895     0.999756        41856      4096.00
      19.263     0.999780        41857      4551.11
      21.279     0.999805        41858      5120.00
      21.791     0.999829        41859      5851.43
      21.951     0.999854        41860      6826.67
      22.383     0.999878        41861      8192.00
      23.775     0.999890        41863      9102.22
      23.775     0.999902        41863     10240.00
      23.775     0.999915        41863     11702.86
      23.775     0.999927        41863     13653.33
      25.295     0.999939        41864     16384.00
      25.295     0.999945        41864     18204.44
      25.295     0.999951        41864     20480.00
      28.799     0.999957        41865     23405.71
      28.799     0.999963        41865     27306.67
      28.799     0.999969        41865     32768.00
      28.799     0.999973        41865     36408.89
      28.799     0.999976        41865     40960.00
      33.471     0.999979        41866     46811.43
      33.471     1.000000        41866          inf
#[Mean    =        0.757, StdDeviation   =        0.834]
#[Max     =       33.440, Total count    =        41866]
#[Buckets =           27, SubBuckets     =         2048]
----------------------------------------------------------
  50781 requests in 1.00m, 3.98MB read
  Socket errors: connect 0, read 0, write 0, timeout 1109
Requests/sec:    846.34
Transfer/sec:     67.92KB
