Running 1m test @ http://localhost:8080
  4 threads and 256 connections
  Thread calibration: mean lat.: 1.555ms, rate sampling interval: 10ms
  Thread calibration: mean lat.: 1.557ms, rate sampling interval: 10ms
  Thread calibration: mean lat.: 1.480ms, rate sampling interval: 10ms
  Thread calibration: mean lat.: 4.661ms, rate sampling interval: 13ms
  Thread Stats   Avg      Stdev     Max   +/- Stdev
    Latency     1.73ms    0.90ms  10.80ms   77.22%
    Req/Sec   265.27    483.75     5.33k    98.85%
  Latency Distribution (HdrHistogram - Recorded Latency)
 50.000%    1.58ms
 75.000%    2.11ms
 90.000%    2.76ms
 99.000%    5.09ms
 99.900%    6.80ms
 99.990%    8.67ms
 99.999%   10.81ms
100.000%   10.81ms

  Detailed Percentile spectrum:
       Value   Percentile   TotalCount 1/(1-Percentile)

       0.118     0.000000            1         1.00
       0.802     0.100000         4980         1.11
       1.050     0.200000         9946         1.25
       1.239     0.300000        14926         1.43
       1.405     0.400000        19888         1.67
       1.576     0.500000        24854         2.00
       1.663     0.550000        27335         2.22
       1.760     0.600000        29823         2.50
       1.867     0.650000        32308         2.86
       1.981     0.700000        34783         3.33
       2.111     0.750000        37281         4.00
       2.187     0.775000        38522         4.44
       2.269     0.800000        39745         5.00
       2.359     0.825000        40996         5.71
       2.465     0.850000        42232         6.67
       2.597     0.875000        43476         8.00
       2.667     0.887500        44091         8.89
       2.757     0.900000        44717        10.00
       2.869     0.912500        45327        11.43
       3.011     0.925000        45950        13.33
       3.187     0.937500        46577        16.00
       3.287     0.943750        46882        17.78
       3.391     0.950000        47191        20.00
       3.519     0.956250        47501        22.86
       3.679     0.962500        47814        26.67
       3.845     0.968750        48124        32.00
       3.961     0.971875        48276        35.56
       4.075     0.975000        48432        40.00
       4.207     0.978125        48589        45.71
       4.351     0.981250        48744        53.33
       4.571     0.984375        48900        64.00
       4.695     0.985938        48975        71.11
       4.859     0.987500        49053        80.00
       5.011     0.989062        49130        91.43
       5.147     0.990625        49211       106.67
       5.331     0.992188        49285       128.00
       5.443     0.992969        49324       142.22
       5.579     0.993750        49363       160.00
       5.711     0.994531        49402       182.86
       5.859     0.995313        49442       213.33
       5.995     0.996094        49479       256.00
       6.115     0.996484        49499       284.44
       6.219     0.996875        49518       320.00
       6.295     0.997266        49538       365.71
       6.363     0.997656        49558       426.67
       6.471     0.998047        49577       512.00
       6.539     0.998242        49587       568.89
       6.639     0.998437        49596       640.00
       6.703     0.998633        49606       731.43
       6.763     0.998828        49615       853.33
       6.819     0.999023        49625      1024.00
       6.911     0.999121        49630      1137.78
       6.999     0.999219        49635      1280.00
       7.107     0.999316        49641      1462.86
       7.163     0.999414        49644      1706.67
       7.243     0.999512        49649      2048.00
       7.479     0.999561        49652      2275.56
       7.543     0.999609        49654      2560.00
       7.627     0.999658        49657      2925.71
       7.719     0.999707        49659      3413.33
       7.887     0.999756        49661      4096.00
       8.215     0.999780        49663      4551.11
       8.271     0.999805        49664      5120.00
       8.527     0.999829        49665      5851.43
       8.535     0.999854        49666      6826.67
       8.623     0.999878        49667      8192.00
       8.671     0.999890        49668      9102.22
       8.919     0.999902        49669     10240.00
       8.919     0.999915        49669     11702.86
       9.431     0.999927        49670     13653.33
       9.431     0.999939        49670     16384.00
       9.511     0.999945        49671     18204.44
       9.511     0.999951        49671     20480.00
       9.511     0.999957        49671     23405.71
      10.743     0.999963        49672     27306.67
      10.743     0.999969        49672     32768.00
      10.743     0.999973        49672     36408.89
      10.743     0.999976        49672     40960.00
      10.743     0.999979        49672     46811.43
      10.807     0.999982        49673     54613.33
      10.807     1.000000        49673          inf
#[Mean    =        1.734, StdDeviation   =        0.900]
#[Max     =       10.800, Total count    =        49673]
#[Buckets =           27, SubBuckets     =         2048]
----------------------------------------------------------
  59784 requests in 1.00m, 4.73MB read
Requests/sec:    994.07
Transfer/sec:     80.58KB
