Running 1m test @ http://localhost:8080
  4 threads and 256 connections
  Thread calibration: mean lat.: 0.972ms, rate sampling interval: 10ms
  Thread calibration: mean lat.: 1.281ms, rate sampling interval: 10ms
  Thread calibration: mean lat.: 0.944ms, rate sampling interval: 10ms
  Thread calibration: mean lat.: 9223372036854776.000ms, rate sampling interval: 10ms
  Thread Stats   Avg      Stdev     Max   +/- Stdev
    Latency   840.67us  802.64us  23.68ms   96.64%
    Req/Sec   100.14    118.13   777.00     78.38%
  Latency Distribution (HdrHistogram - Recorded Latency)
 50.000%  758.00us
 75.000%    1.06ms
 90.000%    1.17ms
 99.000%    4.11ms
 99.900%   10.21ms
 99.990%   17.98ms
 99.999%   23.69ms
100.000%   23.69ms

  Detailed Percentile spectrum:
       Value   Percentile   TotalCount 1/(1-Percentile)

       0.101     0.000000            2         1.00
       0.292     0.100000         1888         1.11
       0.411     0.200000         3771         1.25
       0.531     0.300000         5671         1.43
       0.640     0.400000         7549         1.67
       0.758     0.500000         9436         2.00
       0.814     0.550000        10378         2.22
       0.876     0.600000        11308         2.50
       0.950     0.650000        12249         2.86
       1.019     0.700000        13203         3.33
       1.063     0.750000        14148         4.00
       1.079     0.775000        14614         4.44
       1.094     0.800000        15103         5.00
       1.111     0.825000        15567         5.71
       1.129     0.850000        16023         6.67
       1.147     0.875000        16506         8.00
       1.156     0.887500        16734         8.89
       1.167     0.900000        16966        10.00
       1.180     0.912500        17202        11.43
       1.197     0.925000        17430        13.33
       1.233     0.937500        17667        16.00
       1.260     0.943750        17784        17.78
       1.303     0.950000        17900        20.00
       1.385     0.956250        18020        22.86
       1.521     0.962500        18136        26.67
       1.731     0.968750        18255        32.00
       1.871     0.971875        18313        35.56
       2.061     0.975000        18371        40.00
       2.299     0.978125        18431        45.71
       2.665     0.981250        18489        53.33
       3.033     0.984375        18548        64.00
       3.389     0.985938        18578        71.11
       3.693     0.987500        18607        80.00
       3.973     0.989062        18636        91.43
       4.259     0.990625        18666       106.67
       4.699     0.992188        18695       128.00
       4.963     0.992969        18710       142.22
       5.295     0.993750        18725       160.00
       5.519     0.994531        18739       182.86
       5.827     0.995313        18754       213.33
       6.291     0.996094        18769       256.00
       6.487     0.996484        18776       284.44
       6.723     0.996875        18784       320.00
       7.043     0.997266        18791       365.71
       7.379     0.997656        18799       426.67
       8.519     0.998047        18806       512.00
       8.863     0.998242        18809       568.89
       9.183     0.998437        18813       640.00
       9.487     0.998633        18817       731.43
       9.847     0.998828        18820       853.33
      10.231     0.999023        18824      1024.00
      10.703     0.999121        18826      1137.78
      11.703     0.999219        18828      1280.00
      12.975     0.999316        18830      1462.86
      13.295     0.999414        18831      1706.67
      13.551     0.999512        18833      2048.00
      13.583     0.999561        18834      2275.56
      13.871     0.999609        18835      2560.00
      13.959     0.999658        18836      2925.71
      14.295     0.999707        18837      3413.33
      16.143     0.999756        18838      4096.00
      16.143     0.999780        18838      4551.11
      17.199     0.999805        18839      5120.00
      17.199     0.999829        18839      5851.43
      17.983     0.999854        18840      6826.67
      17.983     0.999878        18840      8192.00
      17.983     0.999890        18840      9102.22
      23.247     0.999902        18841     10240.00
      23.247     0.999915        18841     11702.86
      23.247     0.999927        18841     13653.33
      23.247     0.999939        18841     16384.00
      23.247     0.999945        18841     18204.44
      23.695     0.999951        18842     20480.00
      23.695     1.000000        18842          inf
#[Mean    =        0.841, StdDeviation   =        0.803]
#[Max     =       23.680, Total count    =        18842]
#[Buckets =           27, SubBuckets     =         2048]
----------------------------------------------------------
  22889 requests in 1.01m, 1.81MB read
  Socket errors: connect 0, read 0, write 0, timeout 4508
Requests/sec:    379.46
Transfer/sec:     30.77KB
