Running 1m test @ http://localhost:8080
  4 threads and 256 connections
  Thread calibration: mean lat.: 0.843ms, rate sampling interval: 10ms
  Thread calibration: mean lat.: 0.837ms, rate sampling interval: 10ms
  Thread calibration: mean lat.: 0.840ms, rate sampling interval: 10ms
  Thread calibration: mean lat.: 1.397ms, rate sampling interval: 10ms
  Thread Stats   Avg      Stdev     Max   +/- Stdev
    Latency   727.45us  581.77us  15.70ms   96.94%
    Req/Sec   166.41    128.97     0.89k    60.36%
  Latency Distribution (HdrHistogram - Recorded Latency)
 50.000%  675.00us
 75.000%    0.94ms
 90.000%    1.11ms
 99.000%    2.18ms
 99.900%    7.99ms
 99.990%   15.03ms
 99.999%   15.71ms
100.000%   15.71ms

  Detailed Percentile spectrum:
       Value   Percentile   TotalCount 1/(1-Percentile)

       0.091     0.000000            1         1.00
       0.267     0.100000         3142         1.11
       0.387     0.200000         6280         1.25
       0.485     0.300000         9422         1.43
       0.584     0.400000        12554         1.67
       0.675     0.500000        15667         2.00
       0.721     0.550000        17239         2.22
       0.776     0.600000        18822         2.50
       0.818     0.650000        20373         2.86
       0.874     0.700000        21919         3.33
       0.944     0.750000        23497         4.00
       0.978     0.775000        24270         4.44
       1.003     0.800000        25067         5.00
       1.032     0.825000        25845         5.71
       1.063     0.850000        26622         6.67
       1.091     0.875000        27409         8.00
       1.102     0.887500        27808         8.89
       1.112     0.900000        28183        10.00
       1.123     0.912500        28614        11.43
       1.135     0.925000        28979        13.33
       1.149     0.937500        29366        16.00
       1.158     0.943750        29565        17.78
       1.171     0.950000        29761        20.00
       1.187     0.956250        29947        22.86
       1.213     0.962500        30144        26.67
       1.252     0.968750        30336        32.00
       1.280     0.971875        30431        35.56
       1.311     0.975000        30534        40.00
       1.350     0.978125        30628        45.71
       1.418     0.981250        30725        53.33
       1.575     0.984375        30823        64.00
       1.701     0.985938        30871        71.11
       1.859     0.987500        30920        80.00
       2.057     0.989062        30970        91.43
       2.301     0.990625        31019       106.67
       2.693     0.992188        31067       128.00
       2.931     0.992969        31091       142.22
       3.347     0.993750        31116       160.00
       3.585     0.994531        31140       182.86
       4.103     0.995313        31165       213.33
       4.743     0.996094        31189       256.00
       4.979     0.996484        31201       284.44
       5.515     0.996875        31214       320.00
       5.779     0.997266        31226       365.71
       6.091     0.997656        31238       426.67
       6.379     0.998047        31250       512.00
       6.515     0.998242        31256       568.89
       7.095     0.998437        31263       640.00
       7.319     0.998633        31269       731.43
       7.655     0.998828        31275       853.33
       8.003     0.999023        31281      1024.00
       8.687     0.999121        31284      1137.78
       9.423     0.999219        31287      1280.00
       9.703     0.999316        31290      1462.86
      10.175     0.999414        31293      1706.67
      11.031     0.999512        31296      2048.00
      11.407     0.999561        31298      2275.56
      11.423     0.999609        31299      2560.00
      12.063     0.999658        31301      2925.71
      12.223     0.999707        31302      3413.33
      12.479     0.999756        31304      4096.00
      13.375     0.999780        31305      4551.11
      13.375     0.999805        31305      5120.00
      13.903     0.999829        31306      5851.43
      14.239     0.999854        31307      6826.67
      15.031     0.999878        31308      8192.00
      15.031     0.999890        31308      9102.22
      15.031     0.999902        31308     10240.00
      15.095     0.999915        31309     11702.86
      15.095     0.999927        31309     13653.33
      15.295     0.999939        31310     16384.00
      15.295     0.999945        31310     18204.44
      15.295     0.999951        31310     20480.00
      15.295     0.999957        31310     23405.71
      15.295     0.999963        31310     27306.67
      15.711     0.999969        31311     32768.00
      15.711     1.000000        31311          inf
#[Mean    =        0.727, StdDeviation   =        0.582]
#[Max     =       15.704, Total count    =        31311]
#[Buckets =           27, SubBuckets     =         2048]
----------------------------------------------------------
  37933 requests in 1.00m, 3.00MB read
  Socket errors: connect 0, read 0, write 0, timeout 2647
Requests/sec:    630.76
Transfer/sec:     51.15KB
