Running 1m test @ http://localhost:8080
  4 threads and 256 connections
  Thread calibration: mean lat.: 1.855ms, rate sampling interval: 10ms
  Thread calibration: mean lat.: 1.869ms, rate sampling interval: 10ms
  Thread calibration: mean lat.: 1.710ms, rate sampling interval: 10ms
  Thread calibration: mean lat.: 1.730ms, rate sampling interval: 10ms
  Thread Stats   Avg      Stdev     Max   +/- Stdev
    Latency     1.72ms  628.76us   7.92ms   68.90%
    Req/Sec   254.47    100.72   666.00     76.38%
  Latency Distribution (HdrHistogram - Recorded Latency)
 50.000%    1.66ms
 75.000%    2.11ms
 90.000%    2.54ms
 99.000%    3.39ms
 99.900%    4.84ms
 99.990%    6.78ms
 99.999%    7.92ms
100.000%    7.92ms

  Detailed Percentile spectrum:
       Value   Percentile   TotalCount 1/(1-Percentile)

       0.258     0.000000            1         1.00
       0.955     0.100000         4808         1.11
       1.176     0.200000         9603         1.25
       1.351     0.300000        14389         1.43
       1.508     0.400000        19196         1.67
       1.663     0.500000        23986         2.00
       1.740     0.550000        26367         2.22
       1.825     0.600000        28774         2.50
       1.912     0.650000        31167         2.86
       2.003     0.700000        33571         3.33
       2.105     0.750000        35991         4.00
       2.161     0.775000        37152         4.44
       2.223     0.800000        38354         5.00
       2.289     0.825000        39568         5.71
       2.359     0.850000        40746         6.67
       2.441     0.875000        41945         8.00
       2.485     0.887500        42541         8.89
       2.537     0.900000        43149        10.00
       2.595     0.912500        43751        11.43
       2.657     0.925000        44349        13.33
       2.729     0.937500        44944        16.00
       2.769     0.943750        45251        17.78
       2.813     0.950000        45535        20.00
       2.863     0.956250        45841        22.86
       2.917     0.962500        46133        26.67
       2.979     0.968750        46435        32.00
       3.017     0.971875        46584        35.56
       3.063     0.975000        46736        40.00
       3.115     0.978125        46884        45.71
       3.163     0.981250        47032        53.33
       3.233     0.984375        47183        64.00
       3.275     0.985938        47258        71.11
       3.313     0.987500        47334        80.00
       3.355     0.989062        47407        91.43
       3.413     0.990625        47482       106.67
       3.485     0.992188        47556       128.00
       3.521     0.992969        47595       142.22
       3.557     0.993750        47631       160.00
       3.605     0.994531        47668       182.86
       3.679     0.995313        47707       213.33
       3.765     0.996094        47745       256.00
       3.811     0.996484        47762       284.44
       3.857     0.996875        47781       320.00
       3.929     0.997266        47799       365.71
       4.011     0.997656        47818       426.67
       4.115     0.998047        47837       512.00
       4.147     0.998242        47847       568.89
       4.231     0.998437        47856       640.00
       4.371     0.998633        47865       731.43
       4.647     0.998828        47875       853.33
       4.867     0.999023        47884      1024.00
       4.979     0.999121        47888      1137.78
       5.203     0.999219        47893      1280.00
       5.355     0.999316        47898      1462.86
       5.563     0.999414        47902      1706.67
       5.811     0.999512        47907      2048.00
       5.895     0.999561        47909      2275.56
       5.983     0.999609        47912      2560.00
       6.031     0.999658        47914      2925.71
       6.199     0.999707        47916      3413.33
       6.451     0.999756        47919      4096.00
       6.483     0.999780        47920      4551.11
       6.527     0.999805        47921      5120.00
       6.607     0.999829        47922      5851.43
       6.635     0.999854        47923      6826.67
       6.783     0.999878        47925      8192.00
       6.783     0.999890        47925      9102.22
       6.795     0.999902        47926     10240.00
       6.795     0.999915        47926     11702.86
       6.959     0.999927        47927     13653.33
       7.095     0.999939        47928     16384.00
       7.095     0.999945        47928     18204.44
       7.095     0.999951        47928     20480.00
       7.095     0.999957        47928     23405.71
       7.367     0.999963        47929     27306.67
       7.367     0.999969        47929     32768.00
       7.367     0.999973        47929     36408.89
       7.367     0.999976        47929     40960.00
       7.367     0.999979        47929     46811.43
       7.923     0.999982        47930     54613.33
       7.923     1.000000        47930          inf
#[Mean    =        1.719, StdDeviation   =        0.629]
#[Max     =        7.920, Total count    =        47930]
#[Buckets =           27, SubBuckets     =         2048]
----------------------------------------------------------
  57878 requests in 1.00m, 3.66MB read
  Socket errors: connect 9, read 0, write 0, timeout 261
Requests/sec:    964.59
Transfer/sec:     62.39KB
