Running 1m test @ http://localhost:8080
  4 threads and 256 connections
  Thread calibration: mean lat.: 1.807ms, rate sampling interval: 10ms
  Thread calibration: mean lat.: 1.779ms, rate sampling interval: 10ms
  Thread calibration: mean lat.: 1.788ms, rate sampling interval: 10ms
  Thread calibration: mean lat.: 1.798ms, rate sampling interval: 10ms
  Thread Stats   Avg      Stdev     Max   +/- Stdev
    Latency     1.75ms  612.96us   6.90ms   68.65%
    Req/Sec   254.19     99.67   666.00     76.16%
  Latency Distribution (HdrHistogram - Recorded Latency)
 50.000%    1.71ms
 75.000%    2.13ms
 90.000%    2.55ms
 99.000%    3.41ms
 99.900%    4.10ms
 99.990%    5.05ms
 99.999%    6.91ms
100.000%    6.91ms

  Detailed Percentile spectrum:
       Value   Percentile   TotalCount 1/(1-Percentile)

       0.228     0.000000            1         1.00
       0.988     0.100000         4806         1.11
       1.224     0.200000         9591         1.25
       1.402     0.300000        14399         1.43
       1.557     0.400000        19192         1.67
       1.713     0.500000        23975         2.00
       1.790     0.550000        26379         2.22
       1.868     0.600000        28771         2.50
       1.949     0.650000        31155         2.86
       2.031     0.700000        33553         3.33
       2.127     0.750000        35982         4.00
       2.181     0.775000        37146         4.44
       2.241     0.800000        38381         5.00
       2.307     0.825000        39564         5.71
       2.379     0.850000        40760         6.67
       2.457     0.875000        41955         8.00
       2.503     0.887500        42550         8.89
       2.551     0.900000        43159        10.00
       2.603     0.912500        43749        11.43
       2.667     0.925000        44342        13.33
       2.739     0.937500        44948        16.00
       2.775     0.943750        45239        17.78
       2.815     0.950000        45536        20.00
       2.865     0.956250        45844        22.86
       2.917     0.962500        46138        26.67
       2.987     0.968750        46435        32.00
       3.025     0.971875        46587        35.56
       3.069     0.975000        46735        40.00
       3.125     0.978125        46886        45.71
       3.179     0.981250        47038        53.33
       3.243     0.984375        47186        64.00
       3.277     0.985938        47257        71.11
       3.319     0.987500        47337        80.00
       3.371     0.989062        47407        91.43
       3.427     0.990625        47481       106.67
       3.497     0.992188        47558       128.00
       3.535     0.992969        47595       142.22
       3.573     0.993750        47633       160.00
       3.615     0.994531        47670       182.86
       3.659     0.995313        47706       213.33
       3.699     0.996094        47744       256.00
       3.727     0.996484        47762       284.44
       3.763     0.996875        47782       320.00
       3.821     0.997266        47800       365.71
       3.861     0.997656        47818       426.67
       3.935     0.998047        47839       512.00
       3.983     0.998242        47848       568.89
       4.009     0.998437        47856       640.00
       4.037     0.998633        47865       731.43
       4.071     0.998828        47874       853.33
       4.111     0.999023        47885      1024.00
       4.135     0.999121        47888      1137.78
       4.179     0.999219        47893      1280.00
       4.315     0.999316        47898      1462.86
       4.419     0.999414        47902      1706.67
       4.491     0.999512        47907      2048.00
       4.623     0.999561        47909      2275.56
       4.639     0.999609        47912      2560.00
       4.687     0.999658        47914      2925.71
       4.735     0.999707        47916      3413.33
       4.875     0.999756        47919      4096.00
       4.879     0.999780        47920      4551.11
       4.947     0.999805        47921      5120.00
       4.951     0.999829        47922      5851.43
       5.043     0.999854        47923      6826.67
       5.047     0.999878        47925      8192.00
       5.047     0.999890        47925      9102.22
       5.051     0.999902        47926     10240.00
       5.051     0.999915        47926     11702.86
       6.451     0.999927        47927     13653.33
       6.799     0.999939        47928     16384.00
       6.799     0.999945        47928     18204.44
       6.799     0.999951        47928     20480.00
       6.799     0.999957        47928     23405.71
       6.891     0.999963        47929     27306.67
       6.891     0.999969        47929     32768.00
       6.891     0.999973        47929     36408.89
       6.891     0.999976        47929     40960.00
       6.891     0.999979        47929     46811.43
       6.907     0.999982        47930     54613.33
       6.907     1.000000        47930          inf
#[Mean    =        1.751, StdDeviation   =        0.613]
#[Max     =        6.904, Total count    =        47930]
#[Buckets =           27, SubBuckets     =         2048]
----------------------------------------------------------
  57878 requests in 1.00m, 3.66MB read
  Socket errors: connect 9, read 0, write 0, timeout 261
Requests/sec:    964.59
Transfer/sec:     62.39KB
