Running 1m test @ http://localhost:8080
  4 threads and 256 connections
  Thread calibration: mean lat.: 1.817ms, rate sampling interval: 10ms
  Thread calibration: mean lat.: 1.835ms, rate sampling interval: 10ms
  Thread calibration: mean lat.: 1.828ms, rate sampling interval: 10ms
  Thread calibration: mean lat.: 1.826ms, rate sampling interval: 10ms
  Thread Stats   Avg      Stdev     Max   +/- Stdev
    Latency     1.80ms  650.37us  10.85ms   71.30%
    Req/Sec   254.32    100.36   700.00     75.55%
  Latency Distribution (HdrHistogram - Recorded Latency)
 50.000%    1.74ms
 75.000%    2.17ms
 90.000%    2.59ms
 99.000%    3.57ms
 99.900%    5.95ms
 99.990%    8.98ms
 99.999%   10.85ms
100.000%   10.85ms

  Detailed Percentile spectrum:
       Value   Percentile   TotalCount 1/(1-Percentile)

       0.314     0.000000            1         1.00
       1.027     0.100000         4793         1.11
       1.257     0.200000         9601         1.25
       1.436     0.300000        14420         1.43
       1.591     0.400000        19190         1.67
       1.743     0.500000        23966         2.00
       1.819     0.550000        26378         2.22
       1.898     0.600000        28773         2.50
       1.982     0.650000        31165         2.86
       2.071     0.700000        33594         3.33
       2.167     0.750000        35985         4.00
       2.223     0.775000        37170         4.44
       2.283     0.800000        38373         5.00
       2.347     0.825000        39549         5.71
       2.419     0.850000        40753         6.67
       2.499     0.875000        41968         8.00
       2.541     0.887500        42543         8.89
       2.591     0.900000        43155        10.00
       2.647     0.912500        43763        11.43
       2.705     0.925000        44347        13.33
       2.779     0.937500        44942        16.00
       2.821     0.943750        45234        17.78
       2.867     0.950000        45539        20.00
       2.923     0.956250        45834        22.86
       2.991     0.962500        46138        26.67
       3.069     0.968750        46433        32.00
       3.115     0.971875        46585        35.56
       3.163     0.975000        46732        40.00
       3.219     0.978125        46884        45.71
       3.279     0.981250        47034        53.33
       3.357     0.984375        47184        64.00
       3.413     0.985938        47260        71.11
       3.469     0.987500        47332        80.00
       3.523     0.989062        47408        91.43
       3.595     0.990625        47482       106.67
       3.675     0.992188        47556       128.00
       3.723     0.992969        47593       142.22
       3.775     0.993750        47632       160.00
       3.843     0.994531        47668       182.86
       3.947     0.995313        47707       213.33
       4.045     0.996094        47743       256.00
       4.123     0.996484        47762       284.44
       4.267     0.996875        47781       320.00
       4.435     0.997266        47799       365.71
       4.691     0.997656        47818       426.67
       4.995     0.998047        47838       512.00
       5.087     0.998242        47846       568.89
       5.255     0.998437        47856       640.00
       5.419     0.998633        47865       731.43
       5.799     0.998828        47874       853.33
       5.975     0.999023        47885      1024.00
       6.111     0.999121        47888      1137.78
       6.239     0.999219        47893      1280.00
       6.507     0.999316        47898      1462.86
       6.571     0.999414        47902      1706.67
       7.063     0.999512        47907      2048.00
       7.255     0.999561        47909      2275.56
       7.411     0.999609        47912      2560.00
       8.063     0.999658        47914      2925.71
       8.159     0.999707        47916      3413.33
       8.399     0.999756        47919      4096.00
       8.559     0.999780        47920      4551.11
       8.607     0.999805        47921      5120.00
       8.615     0.999829        47922      5851.43
       8.839     0.999854        47923      6826.67
       8.983     0.999878        47925      8192.00
       8.983     0.999890        47925      9102.22
       8.991     0.999902        47926     10240.00
       8.991     0.999915        47926     11702.86
       9.391     0.999927        47927     13653.33
       9.415     0.999939        47928     16384.00
       9.415     0.999945        47928     18204.44
       9.415     0.999951        47928     20480.00
       9.415     0.999957        47928     23405.71
      10.143     0.999963        47929     27306.67
      10.143     0.999969        47929     32768.00
      10.143     0.999973        47929     36408.89
      10.143     0.999976        47929     40960.00
      10.143     0.999979        47929     46811.43
      10.855     0.999982        47930     54613.33
      10.855     1.000000        47930          inf
#[Mean    =        1.796, StdDeviation   =        0.650]
#[Max     =       10.848, Total count    =        47930]
#[Buckets =           27, SubBuckets     =         2048]
----------------------------------------------------------
  57878 requests in 1.00m, 3.66MB read
  Socket errors: connect 9, read 0, write 0, timeout 261
Requests/sec:    964.59
Transfer/sec:     62.39KB
