Running 1m test @ http://localhost:8080
  4 threads and 256 connections
  Thread calibration: mean lat.: 1.810ms, rate sampling interval: 10ms
  Thread calibration: mean lat.: 1.745ms, rate sampling interval: 10ms
  Thread calibration: mean lat.: 1.751ms, rate sampling interval: 10ms
  Thread calibration: mean lat.: 5.740ms, rate sampling interval: 15ms
  Thread Stats   Avg      Stdev     Max   +/- Stdev
    Latency     2.12ms    1.28ms  14.73ms   80.95%
    Req/Sec   258.77    367.39     3.93k    98.58%
  Latency Distribution (HdrHistogram - Recorded Latency)
 50.000%    1.84ms
 75.000%    2.56ms
 90.000%    3.58ms
 99.000%    7.02ms
 99.900%   11.07ms
 99.990%   13.85ms
 99.999%   14.73ms
100.000%   14.73ms

  Detailed Percentile spectrum:
       Value   Percentile   TotalCount 1/(1-Percentile)

       0.234     0.000000            1         1.00
       0.918     0.100000         4796         1.11
       1.181     0.200000         9594         1.25
       1.412     0.300000        14392         1.43
       1.625     0.400000        19177         1.67
       1.841     0.500000        23978         2.00
       1.955     0.550000        26368         2.22
       2.081     0.600000        28778         2.50
       2.217     0.650000        31166         2.86
       2.377     0.700000        33568         3.33
       2.559     0.750000        35968         4.00
       2.663     0.775000        37152         4.44
       2.781     0.800000        38344         5.00
       2.919     0.825000        39543         5.71
       3.095     0.850000        40755         6.67
       3.309     0.875000        41936         8.00
       3.441     0.887500        42542         8.89
       3.583     0.900000        43140        10.00
       3.743     0.912500        43735        11.43
       3.933     0.925000        44336        13.33
       4.175     0.937500        44938        16.00
       4.315     0.943750        45234        17.78
       4.475     0.950000        45532        20.00
       4.667     0.956250        45830        22.86
       4.859     0.962500        46129        26.67
       5.119     0.968750        46433        32.00
       5.255     0.971875        46580        35.56
       5.431     0.975000        46729        40.00
       5.643     0.978125        46881        45.71
       5.907     0.981250        47029        53.33
       6.247     0.984375        47179        64.00
       6.443     0.985938        47254        71.11
       6.619     0.987500        47328        80.00
       6.855     0.989062        47403        91.43
       7.127     0.990625        47479       106.67
       7.571     0.992188        47554       128.00
       7.747     0.992969        47590       142.22
       7.951     0.993750        47628       160.00
       8.151     0.994531        47664       182.86
       8.495     0.995313        47704       213.33
       8.919     0.996094        47739       256.00
       9.175     0.996484        47758       284.44
       9.495     0.996875        47777       320.00
       9.671     0.997266        47795       365.71
      10.015     0.997656        47814       426.67
      10.255     0.998047        47833       512.00
      10.351     0.998242        47842       568.89
      10.703     0.998437        47853       640.00
      10.839     0.998633        47861       731.43
      10.919     0.998828        47871       853.33
      11.119     0.999023        47881      1024.00
      11.159     0.999121        47884      1137.78
      11.311     0.999219        47889      1280.00
      11.471     0.999316        47895      1462.86
      11.599     0.999414        47898      1706.67
      11.711     0.999512        47903      2048.00
      11.823     0.999561        47905      2275.56
      11.927     0.999609        47908      2560.00
      12.015     0.999658        47910      2925.71
      12.055     0.999707        47912      3413.33
      12.567     0.999756        47915      4096.00
      12.615     0.999780        47916      4551.11
      12.671     0.999805        47917      5120.00
      12.703     0.999829        47918      5851.43
      13.175     0.999854        47919      6826.67
      13.847     0.999878        47921      8192.00
      13.847     0.999890        47921      9102.22
      13.863     0.999902        47922     10240.00
      13.863     0.999915        47922     11702.86
      14.335     0.999927        47923     13653.33
      14.591     0.999939        47924     16384.00
      14.591     0.999945        47924     18204.44
      14.591     0.999951        47924     20480.00
      14.591     0.999957        47924     23405.71
      14.735     0.999963        47926     27306.67
      14.735     1.000000        47926          inf
#[Mean    =        2.119, StdDeviation   =        1.285]
#[Max     =       14.728, Total count    =        47926]
#[Buckets =           27, SubBuckets     =         2048]
----------------------------------------------------------
  57700 requests in 1.00m, 3.69MB read
  Socket errors: connect 9, read 0, write 0, timeout 261
Requests/sec:    959.39
Transfer/sec:     62.77KB
