Running 1m test @ http://localhost:8080
  4 threads and 256 connections
  Thread calibration: mean lat.: 1.925ms, rate sampling interval: 10ms
  Thread calibration: mean lat.: 1.719ms, rate sampling interval: 10ms
  Thread calibration: mean lat.: 1.749ms, rate sampling interval: 10ms
  Thread calibration: mean lat.: 1.716ms, rate sampling interval: 10ms
  Thread Stats   Avg      Stdev     Max   +/- Stdev
    Latency     1.78ms  685.34us  17.68ms   74.22%
    Req/Sec   254.58    100.70   800.00     76.12%
  Latency Distribution (HdrHistogram - Recorded Latency)
 50.000%    1.73ms
 75.000%    2.16ms
 90.000%    2.56ms
 99.000%    3.35ms
 99.900%    8.76ms
 99.990%   12.91ms
 99.999%   17.69ms
100.000%   17.69ms

  Detailed Percentile spectrum:
       Value   Percentile   TotalCount 1/(1-Percentile)

       0.280     0.000000            1         1.00
       1.014     0.100000         4803         1.11
       1.236     0.200000         9614         1.25
       1.415     0.300000        14393         1.43
       1.577     0.400000        19180         1.67
       1.734     0.500000        23966         2.00
       1.815     0.550000        26383         2.22
       1.892     0.600000        28768         2.50
       1.978     0.650000        31156         2.86
       2.069     0.700000        33572         3.33
       2.165     0.750000        35972         4.00
       2.215     0.775000        37166         4.44
       2.273     0.800000        38351         5.00
       2.335     0.825000        39569         5.71
       2.401     0.850000        40767         6.67
       2.471     0.875000        41960         8.00
       2.513     0.887500        42551         8.89
       2.555     0.900000        43146        10.00
       2.605     0.912500        43741        11.43
       2.659     0.925000        44338        13.33
       2.727     0.937500        44954        16.00
       2.761     0.943750        45234        17.78
       2.801     0.950000        45540        20.00
       2.851     0.956250        45838        22.86
       2.903     0.962500        46136        26.67
       2.961     0.968750        46435        32.00
       2.997     0.971875        46587        35.56
       3.033     0.975000        46737        40.00
       3.071     0.978125        46887        45.71
       3.117     0.981250        47037        53.33
       3.183     0.984375        47185        64.00
       3.223     0.985938        47256        71.11
       3.265     0.987500        47333        80.00
       3.319     0.989062        47412        91.43
       3.379     0.990625        47481       106.67
       3.445     0.992188        47558       128.00
       3.499     0.992969        47594       142.22
       3.557     0.993750        47631       160.00
       3.623     0.994531        47668       182.86
       3.789     0.995313        47706       213.33
       3.959     0.996094        47743       256.00
       4.075     0.996484        47762       284.44
       4.331     0.996875        47781       320.00
       4.467     0.997266        47799       365.71
       4.843     0.997656        47818       426.67
       5.407     0.998047        47837       512.00
       6.399     0.998242        47846       568.89
       7.563     0.998437        47856       640.00
       7.963     0.998633        47865       731.43
       8.215     0.998828        47874       853.33
       8.783     0.999023        47885      1024.00
       8.815     0.999121        47889      1137.78
       9.079     0.999219        47893      1280.00
       9.183     0.999316        47898      1462.86
       9.351     0.999414        47902      1706.67
       9.463     0.999512        47907      2048.00
       9.487     0.999561        47909      2275.56
       9.591     0.999609        47912      2560.00
       9.679     0.999658        47914      2925.71
       9.815     0.999707        47916      3413.33
      10.007     0.999756        47919      4096.00
      10.119     0.999780        47920      4551.11
      10.135     0.999805        47921      5120.00
      10.215     0.999829        47922      5851.43
      12.703     0.999854        47923      6826.67
      12.911     0.999878        47925      8192.00
      12.911     0.999890        47925      9102.22
      13.143     0.999902        47926     10240.00
      13.143     0.999915        47926     11702.86
      13.623     0.999927        47927     13653.33
      16.159     0.999939        47928     16384.00
      16.159     0.999945        47928     18204.44
      16.159     0.999951        47928     20480.00
      16.159     0.999957        47928     23405.71
      17.183     0.999963        47929     27306.67
      17.183     0.999969        47929     32768.00
      17.183     0.999973        47929     36408.89
      17.183     0.999976        47929     40960.00
      17.183     0.999979        47929     46811.43
      17.695     0.999982        47930     54613.33
      17.695     1.000000        47930          inf
#[Mean    =        1.780, StdDeviation   =        0.685]
#[Max     =       17.680, Total count    =        47930]
#[Buckets =           27, SubBuckets     =         2048]
----------------------------------------------------------
  57878 requests in 1.00m, 3.70MB read
  Socket errors: connect 9, read 0, write 0, timeout 261
Requests/sec:    964.61
Transfer/sec:     63.11KB
