Running 1m test @ http://localhost:8080
  4 threads and 256 connections
  Thread calibration: mean lat.: 1.894ms, rate sampling interval: 10ms
  Thread calibration: mean lat.: 1.896ms, rate sampling interval: 10ms
  Thread calibration: mean lat.: 1.888ms, rate sampling interval: 10ms
  Thread calibration: mean lat.: 5.984ms, rate sampling interval: 17ms
  Thread Stats   Avg      Stdev     Max   +/- Stdev
    Latency     2.20ms    1.16ms  15.22ms   82.40%
    Req/Sec   259.49    330.34     3.44k    98.13%
  Latency Distribution (HdrHistogram - Recorded Latency)
 50.000%    1.99ms
 75.000%    2.59ms
 90.000%    3.36ms
 99.000%    6.61ms
 99.900%   11.64ms
 99.990%   14.08ms
 99.999%   15.22ms
100.000%   15.22ms

  Detailed Percentile spectrum:
       Value   Percentile   TotalCount 1/(1-Percentile)

       0.228     0.000000            1         1.00
       1.120     0.100000         4795         1.11
       1.377     0.200000         9598         1.25
       1.598     0.300000        14398         1.43
       1.803     0.400000        19194         1.67
       1.993     0.500000        23970         2.00
       2.091     0.550000        26384         2.22
       2.197     0.600000        28790         2.50
       2.315     0.650000        31156         2.86
       2.443     0.700000        33549         3.33
       2.591     0.750000        35976         4.00
       2.673     0.775000        37162         4.44
       2.767     0.800000        38347         5.00
       2.871     0.825000        39544         5.71
       2.995     0.850000        40746         6.67
       3.147     0.875000        41944         8.00
       3.241     0.887500        42536         8.89
       3.355     0.900000        43135        10.00
       3.475     0.912500        43735        11.43
       3.637     0.925000        44333        13.33
       3.837     0.937500        44933        16.00
       3.953     0.943750        45232        17.78
       4.107     0.950000        45536        20.00
       4.287     0.956250        45832        22.86
       4.523     0.962500        46132        26.67
       4.759     0.968750        46431        32.00
       4.903     0.971875        46582        35.56
       5.063     0.975000        46730        40.00
       5.275     0.978125        46880        45.71
       5.527     0.981250        47029        53.33
       5.839     0.984375        47180        64.00
       6.035     0.985938        47255        71.11
       6.251     0.987500        47328        80.00
       6.451     0.989062        47403        91.43
       6.739     0.990625        47479       106.67
       7.039     0.992188        47553       128.00
       7.183     0.992969        47591       142.22
       7.391     0.993750        47628       160.00
       7.687     0.994531        47665       182.86
       8.279     0.995313        47703       213.33
       8.831     0.996094        47740       256.00
       9.343     0.996484        47760       284.44
       9.679     0.996875        47778       320.00
       9.823     0.997266        47797       365.71
       9.943     0.997656        47815       426.67
      10.279     0.998047        47834       512.00
      10.463     0.998242        47843       568.89
      10.647     0.998437        47854       640.00
      10.879     0.998633        47862       731.43
      11.063     0.998828        47871       853.33
      11.671     0.999023        47882      1024.00
      11.791     0.999121        47885      1137.78
      12.207     0.999219        47890      1280.00
      12.367     0.999316        47895      1462.86
      12.463     0.999414        47899      1706.67
      13.119     0.999512        47904      2048.00
      13.367     0.999561        47906      2275.56
      13.535     0.999609        47909      2560.00
      13.623     0.999658        47912      2925.71
      13.647     0.999707        47913      3413.33
      13.791     0.999756        47917      4096.00
      13.791     0.999780        47917      4551.11
      13.823     0.999805        47918      5120.00
      13.831     0.999829        47919      5851.43
      13.927     0.999854        47920      6826.67
      14.079     0.999878        47922      8192.00
      14.079     0.999890        47922      9102.22
      14.111     0.999902        47923     10240.00
      14.111     0.999915        47923     11702.86
      14.175     0.999927        47924     13653.33
      14.831     0.999939        47925     16384.00
      14.831     0.999945        47925     18204.44
      14.831     0.999951        47925     20480.00
      14.831     0.999957        47925     23405.71
      15.063     0.999963        47926     27306.67
      15.063     0.999969        47926     32768.00
      15.063     0.999973        47926     36408.89
      15.063     0.999976        47926     40960.00
      15.063     0.999979        47926     46811.43
      15.223     0.999982        47927     54613.33
      15.223     1.000000        47927          inf
#[Mean    =        2.195, StdDeviation   =        1.157]
#[Max     =       15.216, Total count    =        47927]
#[Buckets =           27, SubBuckets     =         2048]
----------------------------------------------------------
  57697 requests in 1.00m, 3.69MB read
  Socket errors: connect 9, read 0, write 0, timeout 261
Requests/sec:    959.32
Transfer/sec:     62.77KB
